---------------------------------------------------------------
[ 2019-11-04T04:51:21+08:00 ] 47.103.21.244 GET love.sustxyly.top/
[运行时间：0.007772s] [吞吐率：128.66req/s] [内存消耗：413.65kb] [文件加载：53]
[ info ] [ LANG ] /www/wwwroot/love.sustxyly.top/thinkphp/lang/zh-cn.php
[ info ] [ ROUTE ] array (
  'type' => 'module',
  'module' => 
  array (
    0 => '',
    1 => NULL,
    2 => NULL,
  ),
)
[ info ] [ HEADER ] array (
  'accept-encoding' => 'gzip',
  'connection' => 'Keep-Alive',
  'host' => 'love.sustxyly.top',
  'user-agent' => 'Mozilla/5.0 (X11; Ubuntu; Linux x86_64; rv:36.0) Gecko/20100101 Firefox/36.0',
  'content-type' => '',
  'content-length' => '',
)
[ info ] [ PARAM ] array (
)
[ info ] [ RUN ] app\index\controller\Index->index[ /www/wwwroot/love.sustxyly.top/application/index/controller/Index.php ]
[ info ] [ DB ] INIT mysql
[ info ] [ VIEW ] /www/wwwroot/love.sustxyly.top/public/../application/index/view/index/index.html [ array (
  0 => 'data',
  1 => 'indexContent',
  2 => 'page',
) ]
[ info ] [ LOG ] INIT File
[ sql ] [ DB ] CONNECT:[ UseTime:0.000163s ] mysql:host=localhost;dbname=love_sustxyly_t;charset=utf8
[ sql ] [ SQL ] SHOW COLUMNS FROM `love_options` [ RunTime:0.000618s ]
[ sql ] [ SQL ] SELECT * FROM `love_options` WHERE  `name` = 'icp' LIMIT 1 [ RunTime:0.000128s ]
[ sql ] [ SQL ] SELECT * FROM `love_options` WHERE  `name` = 'cnzz' LIMIT 1 [ RunTime:0.000098s ]
[ sql ] [ SQL ] SELECT * FROM `love_options` WHERE  `name` = 'name' LIMIT 1 [ RunTime:0.000079s ]
[ sql ] [ SQL ] SELECT * FROM `love_options` WHERE  `name` = 'title' LIMIT 1 [ RunTime:0.000159s ]
[ sql ] [ SQL ] SELECT * FROM `love_options` WHERE  `name` = 'keywords' LIMIT 1 [ RunTime:0.000090s ]
[ sql ] [ SQL ] SELECT * FROM `love_options` WHERE  `name` = 'description' LIMIT 1 [ RunTime:0.000074s ]
[ sql ] [ SQL ] SELECT * FROM `love_options` WHERE  `name` = 'title' LIMIT 1 [ RunTime:0.000072s ]
[ sql ] [ SQL ] SHOW COLUMNS FROM `love_website` [ RunTime:0.000486s ]
[ sql ] [ SQL ] SELECT COUNT(*) AS tp_count FROM `love_website` LIMIT 1 [ RunTime:0.000077s ]
[ sql ] [ SQL ] SELECT * FROM `love_website` LIMIT 0,9 [ RunTime:0.000095s ]
---------------------------------------------------------------
[ 2019-11-04T04:51:22+08:00 ] 47.103.21.244 GET love.sustxyly.top/article?id=
[运行时间：0.008178s] [吞吐率：122.28req/s] [内存消耗：409.00kb] [文件加载：50]
[ info ] [ LANG ] /www/wwwroot/love.sustxyly.top/thinkphp/lang/zh-cn.php
[ info ] [ ROUTE ] array (
  'type' => 'module',
  'module' => 
  array (
    0 => 'index',
    1 => 'index',
    2 => 'articlePage',
  ),
  'convert' => false,
)
[ info ] [ HEADER ] array (
  'accept-encoding' => 'gzip',
  'connection' => 'Keep-Alive',
  'host' => 'love.sustxyly.top',
  'user-agent' => 'Mozilla/5.0 (X11; Ubuntu; Linux x86_64; rv:36.0) Gecko/20100101 Firefox/36.0',
  'content-type' => '',
  'content-length' => '',
)
[ info ] [ PARAM ] array (
  'id' => '',
)
[ info ] [ RUN ] app\index\controller\Index->articlePage[ /www/wwwroot/love.sustxyly.top/application/index/controller/Index.php ]
[ info ] [ DB ] INIT mysql
[ info ] [ VIEW ] /www/wwwroot/love.sustxyly.top/public/../application/index/view/index/comment.html [ array (
  0 => 'num',
  1 => 'postdata',
  2 => 'post_id',
  3 => 'data',
) ]
[ info ] [ LOG ] INIT File
[ sql ] [ DB ] CONNECT:[ UseTime:0.000170s ] mysql:host=localhost;dbname=love_sustxyly_t;charset=utf8
[ sql ] [ SQL ] SHOW COLUMNS FROM `love_comment` [ RunTime:0.000702s ]
[ sql ] [ SQL ] SELECT COUNT(*) AS tp_count FROM `love_comment` WHERE  `post_id` = 0 LIMIT 1 [ RunTime:0.000126s ]
[ sql ] [ SQL ] SHOW COLUMNS FROM `love_options` [ RunTime:0.000374s ]
[ sql ] [ SQL ] SELECT * FROM `love_options` WHERE  `name` = 'icp' LIMIT 1 [ RunTime:0.000102s ]
[ sql ] [ SQL ] SELECT * FROM `love_options` WHERE  `name` = 'cnzz' LIMIT 1 [ RunTime:0.000170s ]
[ sql ] [ SQL ] SELECT * FROM `love_options` WHERE  `name` = 'keywords' LIMIT 1 [ RunTime:0.000084s ]
[ sql ] [ SQL ] SELECT * FROM `love_options` WHERE  `name` = 'name' LIMIT 1 [ RunTime:0.000078s ]
[ sql ] [ SQL ] SELECT * FROM `love_options` WHERE  `name` = 'description' LIMIT 1 [ RunTime:0.000096s ]
[ sql ] [ SQL ] SHOW COLUMNS FROM `love_contents` [ RunTime:0.000386s ]
[ sql ] [ SQL ] SELECT * FROM `love_contents` WHERE  `id` = 0 LIMIT 1 [ RunTime:0.000191s ]
[ sql ] [ SQL ] SELECT * FROM `love_comment` WHERE  `parent_id` = 0  AND `post_id` = 0 ORDER BY `create_time` DESC [ RunTime:0.000107s ]
