---------------------------------------------------------------
[ 2019-11-21T07:13:08+08:00 ] 47.101.176.92 GET love.sustxyly.top/
[运行时间：0.026795s] [吞吐率：37.32req/s] [内存消耗：413.80kb] [文件加载：53]
[ info ] [ LANG ] /www/wwwroot/love.sustxyly.top/thinkphp/lang/zh-cn.php
[ info ] [ ROUTE ] array (
  'type' => 'module',
  'module' => 
  array (
    0 => '',
    1 => NULL,
    2 => NULL,
  ),
)
[ info ] [ HEADER ] array (
  'accept-encoding' => 'gzip',
  'connection' => 'Keep-Alive',
  'host' => 'love.sustxyly.top',
  'user-agent' => 'Mozilla/5.0 (X11; Ubuntu; Linux x86_64; rv:36.0) Gecko/20100101 Firefox/36.0',
  'content-type' => '',
  'content-length' => '',
)
[ info ] [ PARAM ] array (
)
[ info ] [ RUN ] app\index\controller\Index->index[ /www/wwwroot/love.sustxyly.top/application/index/controller/Index.php ]
[ info ] [ DB ] INIT mysql
[ info ] [ VIEW ] /www/wwwroot/love.sustxyly.top/public/../application/index/view/index/index.html [ array (
  0 => 'data',
  1 => 'indexContent',
  2 => 'page',
) ]
[ info ] [ LOG ] INIT File
[ sql ] [ DB ] CONNECT:[ UseTime:0.002432s ] mysql:host=39.106.190.222;dbname=love_sustxyly_t;charset=utf8
[ sql ] [ SQL ] SHOW COLUMNS FROM `love_options` [ RunTime:0.002049s ]
[ sql ] [ SQL ] SELECT * FROM `love_options` WHERE  `name` = 'icp' LIMIT 1 [ RunTime:0.001646s ]
[ sql ] [ SQL ] SELECT * FROM `love_options` WHERE  `name` = 'cnzz' LIMIT 1 [ RunTime:0.001589s ]
[ sql ] [ SQL ] SELECT * FROM `love_options` WHERE  `name` = 'name' LIMIT 1 [ RunTime:0.001610s ]
[ sql ] [ SQL ] SELECT * FROM `love_options` WHERE  `name` = 'title' LIMIT 1 [ RunTime:0.001562s ]
[ sql ] [ SQL ] SELECT * FROM `love_options` WHERE  `name` = 'keywords' LIMIT 1 [ RunTime:0.001569s ]
[ sql ] [ SQL ] SELECT * FROM `love_options` WHERE  `name` = 'description' LIMIT 1 [ RunTime:0.001530s ]
[ sql ] [ SQL ] SELECT * FROM `love_options` WHERE  `name` = 'title' LIMIT 1 [ RunTime:0.001550s ]
[ sql ] [ SQL ] SHOW COLUMNS FROM `love_website` [ RunTime:0.001926s ]
[ sql ] [ SQL ] SELECT COUNT(*) AS tp_count FROM `love_website` LIMIT 1 [ RunTime:0.001532s ]
[ sql ] [ SQL ] SELECT * FROM `love_website` LIMIT 0,9 [ RunTime:0.001563s ]
---------------------------------------------------------------
[ 2019-11-21T07:13:09+08:00 ] 47.101.176.92 GET love.sustxyly.top/article?id=
[运行时间：0.286815s] [吞吐率：3.49req/s] [内存消耗：410.16kb] [文件加载：50]
[ info ] [ LANG ] /www/wwwroot/love.sustxyly.top/thinkphp/lang/zh-cn.php
[ info ] [ ROUTE ] array (
  'type' => 'module',
  'module' => 
  array (
    0 => 'index',
    1 => 'index',
    2 => 'articlePage',
  ),
  'convert' => false,
)
[ info ] [ HEADER ] array (
  'accept-encoding' => 'gzip',
  'connection' => 'Keep-Alive',
  'host' => 'love.sustxyly.top',
  'user-agent' => 'Mozilla/5.0 (X11; Ubuntu; Linux x86_64; rv:36.0) Gecko/20100101 Firefox/36.0',
  'content-type' => '',
  'content-length' => '',
)
[ info ] [ PARAM ] array (
  'id' => '',
)
[ info ] [ RUN ] app\index\controller\Index->articlePage[ /www/wwwroot/love.sustxyly.top/application/index/controller/Index.php ]
[ info ] [ DB ] INIT mysql
[ info ] [ VIEW ] /www/wwwroot/love.sustxyly.top/public/../application/index/view/index/comment.html [ array (
  0 => 'num',
  1 => 'postdata',
  2 => 'post_id',
  3 => 'data',
) ]
[ info ] [ LOG ] INIT File
[ sql ] [ DB ] CONNECT:[ UseTime:0.002439s ] mysql:host=39.106.190.222;dbname=love_sustxyly_t;charset=utf8
[ sql ] [ SQL ] SHOW COLUMNS FROM `love_comment` [ RunTime:0.226631s ]
[ sql ] [ SQL ] SELECT COUNT(*) AS tp_count FROM `love_comment` WHERE  `post_id` = 0 LIMIT 1 [ RunTime:0.001761s ]
[ sql ] [ SQL ] SHOW COLUMNS FROM `love_options` [ RunTime:0.001960s ]
[ sql ] [ SQL ] SELECT * FROM `love_options` WHERE  `name` = 'icp' LIMIT 1 [ RunTime:0.001597s ]
[ sql ] [ SQL ] SELECT * FROM `love_options` WHERE  `name` = 'cnzz' LIMIT 1 [ RunTime:0.001595s ]
[ sql ] [ SQL ] SELECT * FROM `love_options` WHERE  `name` = 'keywords' LIMIT 1 [ RunTime:0.001589s ]
[ sql ] [ SQL ] SELECT * FROM `love_options` WHERE  `name` = 'name' LIMIT 1 [ RunTime:0.001569s ]
[ sql ] [ SQL ] SELECT * FROM `love_options` WHERE  `name` = 'description' LIMIT 1 [ RunTime:0.001588s ]
[ sql ] [ SQL ] SHOW COLUMNS FROM `love_contents` [ RunTime:0.003312s ]
[ sql ] [ SQL ] SELECT * FROM `love_contents` WHERE  `id` = 0 LIMIT 1 [ RunTime:0.001726s ]
[ sql ] [ SQL ] SELECT * FROM `love_comment` WHERE  `parent_id` = 0  AND `post_id` = 0 ORDER BY `create_time` DESC [ RunTime:0.001718s ]
