---------------------------------------------------------------
[ 2019-11-23T05:21:49+08:00 ] 47.100.241.15 GET love.sustxyly.top/
[运行时间：0.022711s] [吞吐率：44.03req/s] [内存消耗：413.80kb] [文件加载：53]
[ info ] [ LANG ] /www/wwwroot/love.sustxyly.top/thinkphp/lang/zh-cn.php
[ info ] [ ROUTE ] array (
  'type' => 'module',
  'module' => 
  array (
    0 => '',
    1 => NULL,
    2 => NULL,
  ),
)
[ info ] [ HEADER ] array (
  'accept-encoding' => 'gzip',
  'connection' => 'Keep-Alive',
  'host' => 'love.sustxyly.top',
  'user-agent' => 'Mozilla/5.0 (X11; Ubuntu; Linux x86_64; rv:36.0) Gecko/20100101 Firefox/36.0',
  'content-type' => '',
  'content-length' => '',
)
[ info ] [ PARAM ] array (
)
[ info ] [ RUN ] app\index\controller\Index->index[ /www/wwwroot/love.sustxyly.top/application/index/controller/Index.php ]
[ info ] [ DB ] INIT mysql
[ info ] [ VIEW ] /www/wwwroot/love.sustxyly.top/public/../application/index/view/index/index.html [ array (
  0 => 'data',
  1 => 'indexContent',
  2 => 'page',
) ]
[ info ] [ LOG ] INIT File
[ sql ] [ DB ] CONNECT:[ UseTime:0.001870s ] mysql:host=39.106.190.222;dbname=love_sustxyly_t;charset=utf8
[ sql ] [ SQL ] SHOW COLUMNS FROM `love_options` [ RunTime:0.001709s ]
[ sql ] [ SQL ] SELECT * FROM `love_options` WHERE  `name` = 'icp' LIMIT 1 [ RunTime:0.001269s ]
[ sql ] [ SQL ] SELECT * FROM `love_options` WHERE  `name` = 'cnzz' LIMIT 1 [ RunTime:0.001236s ]
[ sql ] [ SQL ] SELECT * FROM `love_options` WHERE  `name` = 'name' LIMIT 1 [ RunTime:0.001206s ]
[ sql ] [ SQL ] SELECT * FROM `love_options` WHERE  `name` = 'title' LIMIT 1 [ RunTime:0.001650s ]
[ sql ] [ SQL ] SELECT * FROM `love_options` WHERE  `name` = 'keywords' LIMIT 1 [ RunTime:0.001218s ]
[ sql ] [ SQL ] SELECT * FROM `love_options` WHERE  `name` = 'description' LIMIT 1 [ RunTime:0.001218s ]
[ sql ] [ SQL ] SELECT * FROM `love_options` WHERE  `name` = 'title' LIMIT 1 [ RunTime:0.001240s ]
[ sql ] [ SQL ] SHOW COLUMNS FROM `love_website` [ RunTime:0.001612s ]
[ sql ] [ SQL ] SELECT COUNT(*) AS tp_count FROM `love_website` LIMIT 1 [ RunTime:0.001179s ]
[ sql ] [ SQL ] SELECT * FROM `love_website` LIMIT 0,9 [ RunTime:0.001224s ]
---------------------------------------------------------------
[ 2019-11-23T05:21:50+08:00 ] 47.100.241.15 GET love.sustxyly.top/article?id=
[运行时间：0.022660s] [吞吐率：44.13req/s] [内存消耗：409.05kb] [文件加载：50]
[ info ] [ LANG ] /www/wwwroot/love.sustxyly.top/thinkphp/lang/zh-cn.php
[ info ] [ ROUTE ] array (
  'type' => 'module',
  'module' => 
  array (
    0 => 'index',
    1 => 'index',
    2 => 'articlePage',
  ),
  'convert' => false,
)
[ info ] [ HEADER ] array (
  'accept-encoding' => 'gzip',
  'connection' => 'Keep-Alive',
  'host' => 'love.sustxyly.top',
  'user-agent' => 'Mozilla/5.0 (X11; Ubuntu; Linux x86_64; rv:36.0) Gecko/20100101 Firefox/36.0',
  'content-type' => '',
  'content-length' => '',
)
[ info ] [ PARAM ] array (
  'id' => '',
)
[ info ] [ RUN ] app\index\controller\Index->articlePage[ /www/wwwroot/love.sustxyly.top/application/index/controller/Index.php ]
[ info ] [ DB ] INIT mysql
[ info ] [ VIEW ] /www/wwwroot/love.sustxyly.top/public/../application/index/view/index/comment.html [ array (
  0 => 'num',
  1 => 'postdata',
  2 => 'post_id',
  3 => 'data',
) ]
[ info ] [ LOG ] INIT File
[ sql ] [ DB ] CONNECT:[ UseTime:0.001921s ] mysql:host=39.106.190.222;dbname=love_sustxyly_t;charset=utf8
[ sql ] [ SQL ] SHOW COLUMNS FROM `love_comment` [ RunTime:0.001744s ]
[ sql ] [ SQL ] SELECT COUNT(*) AS tp_count FROM `love_comment` WHERE  `post_id` = 0 LIMIT 1 [ RunTime:0.001303s ]
[ sql ] [ SQL ] SHOW COLUMNS FROM `love_options` [ RunTime:0.001559s ]
[ sql ] [ SQL ] SELECT * FROM `love_options` WHERE  `name` = 'icp' LIMIT 1 [ RunTime:0.001268s ]
[ sql ] [ SQL ] SELECT * FROM `love_options` WHERE  `name` = 'cnzz' LIMIT 1 [ RunTime:0.001245s ]
[ sql ] [ SQL ] SELECT * FROM `love_options` WHERE  `name` = 'keywords' LIMIT 1 [ RunTime:0.001248s ]
[ sql ] [ SQL ] SELECT * FROM `love_options` WHERE  `name` = 'name' LIMIT 1 [ RunTime:0.001251s ]
[ sql ] [ SQL ] SELECT * FROM `love_options` WHERE  `name` = 'description' LIMIT 1 [ RunTime:0.001242s ]
[ sql ] [ SQL ] SHOW COLUMNS FROM `love_contents` [ RunTime:0.001638s ]
[ sql ] [ SQL ] SELECT * FROM `love_contents` WHERE  `id` = 0 LIMIT 1 [ RunTime:0.001326s ]
[ sql ] [ SQL ] SELECT * FROM `love_comment` WHERE  `parent_id` = 0  AND `post_id` = 0 ORDER BY `create_time` DESC [ RunTime:0.001307s ]
