---------------------------------------------------------------
[ 2019-05-17T14:40:17+08:00 ] 127.0.0.1 GET lovewall.test/
[运行时间：0.287815s] [吞吐率：3.47req/s] [内存消耗：3,430.77kb] [文件加载：55]
[ info ] [ LANG ] W:\lovewall\thinkphp\lang\zh-cn.php
[ info ] [ ROUTE ] array (
  'type' => 'module',
  'module' => 
  array (
    0 => '',
    1 => NULL,
    2 => NULL,
  ),
)
[ info ] [ HEADER ] array (
  'host' => 'lovewall.test',
  'connection' => 'keep-alive',
  'upgrade-insecure-requests' => '1',
  'user-agent' => 'Mozilla/5.0 (Windows NT 10.0; Win64; x64) AppleWebKit/537.36 (KHTML, like Gecko) Chrome/74.0.3729.157 Safari/537.36',
  'accept' => 'text/html,application/xhtml+xml,application/xml;q=0.9,image/webp,image/apng,*/*;q=0.8,application/signed-exchange;v=b3',
  'accept-encoding' => 'gzip, deflate',
  'accept-language' => 'zh-CN,zh;q=0.9',
  'cookie' => 'notice_id=0.32482300%2015577541455cd971214f4e1; 219=c0e190d8267e36708f955d7ab048990d43278787; Hm_lvt_b393d153aeb26b46e9431fabaf0f6190=1557836410,1557883935,1557886108,1557919781; 250=6c9882bbac1c7093bd2504188127765843278787',
)
[ info ] [ PARAM ] array (
)
[ info ] [ RUN ] app\index\controller\Index->index[ W:\lovewall\application\index\controller\Index.php ]
[ info ] [ DB ] INIT mysql
[ info ] [ VIEW ] W:\lovewall\public/../application/index\view\index\index.html [ array (
  0 => 'data',
  1 => 'indexContent',
  2 => 'page',
) ]
[ info ] [ LOG ] INIT File
[ sql ] [ DB ] CONNECT:[ UseTime:0.032551s ] mysql:host=localhost;dbname=love;charset=utf8
[ sql ] [ SQL ] SHOW COLUMNS FROM `love_options` [ RunTime:0.028149s ]
[ sql ] [ SQL ] SELECT * FROM `love_options` WHERE  `name` = 'icp' LIMIT 1 [ RunTime:0.003253s ]
[ sql ] [ SQL ] SELECT * FROM `love_options` WHERE  `name` = 'name' LIMIT 1 [ RunTime:0.000624s ]
[ sql ] [ SQL ] SELECT * FROM `love_options` WHERE  `name` = 'title' LIMIT 1 [ RunTime:0.001300s ]
[ sql ] [ SQL ] SELECT * FROM `love_options` WHERE  `name` = 'keywords' LIMIT 1 [ RunTime:0.001205s ]
[ sql ] [ SQL ] SELECT * FROM `love_options` WHERE  `name` = 'description' LIMIT 1 [ RunTime:0.000962s ]
[ sql ] [ SQL ] SELECT * FROM `love_options` WHERE  `name` = 'title' LIMIT 1 [ RunTime:0.000680s ]
[ sql ] [ SQL ] SHOW COLUMNS FROM `love_website` [ RunTime:0.013992s ]
[ sql ] [ SQL ] SELECT COUNT(*) AS tp_count FROM `love_website` LIMIT 1 [ RunTime:0.002293s ]
[ sql ] [ SQL ] SELECT * FROM `love_website` LIMIT 0,9 [ RunTime:0.000948s ]
---------------------------------------------------------------
[ 2019-05-17T14:40:18+08:00 ] 127.0.0.1 POST lovewall.test/index/index/getnotice.html
[运行时间：0.147165s] [吞吐率：6.80req/s] [内存消耗：3,043.26kb] [文件加载：47]
[ info ] [ LANG ] W:\lovewall\thinkphp\lang\zh-cn.php
[ info ] [ ROUTE ] array (
  'type' => 'module',
  'module' => 
  array (
    0 => 'index',
    1 => 'index',
    2 => 'getnotice',
  ),
)
[ info ] [ HEADER ] array (
  'host' => 'lovewall.test',
  'connection' => 'keep-alive',
  'content-length' => '8',
  'accept' => 'application/json, text/javascript, */*; q=0.01',
  'origin' => 'http://lovewall.test',
  'x-requested-with' => 'XMLHttpRequest',
  'user-agent' => 'Mozilla/5.0 (Windows NT 10.0; Win64; x64) AppleWebKit/537.36 (KHTML, like Gecko) Chrome/74.0.3729.157 Safari/537.36',
  'content-type' => 'application/x-www-form-urlencoded; charset=UTF-8',
  'referer' => 'http://lovewall.test/',
  'accept-encoding' => 'gzip, deflate',
  'accept-language' => 'zh-CN,zh;q=0.9',
  'cookie' => 'notice_id=0.32482300%2015577541455cd971214f4e1; 219=c0e190d8267e36708f955d7ab048990d43278787; Hm_lvt_b393d153aeb26b46e9431fabaf0f6190=1557836410,1557883935,1557886108,1557919781; 250=6c9882bbac1c7093bd2504188127765843278787',
)
[ info ] [ PARAM ] array (
  'func' => 'get',
)
[ info ] [ RUN ] app\index\controller\Index->getNotice[ W:\lovewall\application\index\controller\Index.php ]
[ info ] [ DB ] INIT mysql
[ info ] [ LOG ] INIT File
[ sql ] [ DB ] CONNECT:[ UseTime:0.006134s ] mysql:host=localhost;dbname=love;charset=utf8
[ sql ] [ SQL ] SHOW COLUMNS FROM `love_notice` [ RunTime:0.015670s ]
[ sql ] [ SQL ] SELECT * FROM `love_notice` ORDER BY `time` DESC LIMIT 1 [ RunTime:0.002174s ]
---------------------------------------------------------------
[ 2019-05-17T14:40:21+08:00 ] 127.0.0.1 GET lovewall.test/admin
[运行时间：0.097777s] [吞吐率：10.23req/s] [内存消耗：2,080.84kb] [文件加载：43]
[ info ] [ LANG ] W:\lovewall\thinkphp\lang\zh-cn.php
[ info ] [ ROUTE ] array (
  'type' => 'module',
  'module' => 
  array (
    0 => 'admin',
    1 => NULL,
    2 => NULL,
  ),
)
[ info ] [ HEADER ] array (
  'host' => 'lovewall.test',
  'connection' => 'keep-alive',
  'upgrade-insecure-requests' => '1',
  'user-agent' => 'Mozilla/5.0 (Windows NT 10.0; Win64; x64) AppleWebKit/537.36 (KHTML, like Gecko) Chrome/74.0.3729.157 Safari/537.36',
  'accept' => 'text/html,application/xhtml+xml,application/xml;q=0.9,image/webp,image/apng,*/*;q=0.8,application/signed-exchange;v=b3',
  'purpose' => 'prefetch',
  'accept-encoding' => 'gzip, deflate',
  'accept-language' => 'zh-CN,zh;q=0.9',
  'cookie' => 'notice_id=0.32482300%2015577541455cd971214f4e1; 219=c0e190d8267e36708f955d7ab048990d43278787; Hm_lvt_b393d153aeb26b46e9431fabaf0f6190=1557836410,1557883935,1557886108,1557919781; 250=6c9882bbac1c7093bd2504188127765843278787',
)
[ info ] [ PARAM ] array (
)
[ info ] [ SESSION ] INIT array (
  'id' => '',
  'var_session_id' => '',
  'prefix' => 'think',
  'type' => '',
  'auto_start' => true,
)
[ info ] [ LOG ] INIT File
---------------------------------------------------------------
[ 2019-05-17T14:40:21+08:00 ] 127.0.0.1 GET lovewall.test/admin/comm/login.html
[运行时间：0.115321s] [吞吐率：8.67req/s] [内存消耗：2,259.72kb] [文件加载：44]
[ info ] [ LANG ] W:\lovewall\thinkphp\lang\zh-cn.php
[ info ] [ ROUTE ] array (
  'type' => 'module',
  'module' => 
  array (
    0 => 'admin',
    1 => 'comm',
    2 => 'login',
  ),
)
[ info ] [ HEADER ] array (
  'host' => 'lovewall.test',
  'connection' => 'keep-alive',
  'upgrade-insecure-requests' => '1',
  'user-agent' => 'Mozilla/5.0 (Windows NT 10.0; Win64; x64) AppleWebKit/537.36 (KHTML, like Gecko) Chrome/74.0.3729.157 Safari/537.36',
  'accept' => 'text/html,application/xhtml+xml,application/xml;q=0.9,image/webp,image/apng,*/*;q=0.8,application/signed-exchange;v=b3',
  'purpose' => 'prefetch',
  'accept-encoding' => 'gzip, deflate',
  'accept-language' => 'zh-CN,zh;q=0.9',
  'cookie' => 'notice_id=0.32482300%2015577541455cd971214f4e1; 219=c0e190d8267e36708f955d7ab048990d43278787; Hm_lvt_b393d153aeb26b46e9431fabaf0f6190=1557836410,1557883935,1557886108,1557919781; 250=6c9882bbac1c7093bd2504188127765843278787; PHPSESSID=9drli49h2ppb3p69to6rm8gbl4',
)
[ info ] [ PARAM ] array (
)
[ info ] [ RUN ] app\admin\controller\Comm->login[ W:\lovewall\application\admin\controller\Comm.php ]
[ info ] [ VIEW ] W:\lovewall\public/../application/admin\view\comm\login.html [ array (
) ]
[ info ] [ LOG ] INIT File
---------------------------------------------------------------
[ 2019-05-17T14:40:26+08:00 ] 127.0.0.1 POST lovewall.test/admin/comm/login.html
[运行时间：0.105269s] [吞吐率：9.50req/s] [内存消耗：2,945.66kb] [文件加载：47]
[ info ] [ LANG ] W:\lovewall\thinkphp\lang\zh-cn.php
[ info ] [ ROUTE ] array (
  'type' => 'module',
  'module' => 
  array (
    0 => 'admin',
    1 => 'comm',
    2 => 'login',
  ),
)
[ info ] [ HEADER ] array (
  'host' => 'lovewall.test',
  'connection' => 'keep-alive',
  'content-length' => '71',
  'accept' => 'application/json, text/javascript, */*; q=0.01',
  'origin' => 'http://lovewall.test',
  'x-requested-with' => 'XMLHttpRequest',
  'user-agent' => 'Mozilla/5.0 (Windows NT 10.0; Win64; x64) AppleWebKit/537.36 (KHTML, like Gecko) Chrome/74.0.3729.157 Safari/537.36',
  'content-type' => 'application/x-www-form-urlencoded; charset=UTF-8',
  'referer' => 'http://lovewall.test/admin/comm/login.html',
  'accept-encoding' => 'gzip, deflate',
  'accept-language' => 'zh-CN,zh;q=0.9',
  'cookie' => 'notice_id=0.32482300%2015577541455cd971214f4e1; 219=c0e190d8267e36708f955d7ab048990d43278787; Hm_lvt_b393d153aeb26b46e9431fabaf0f6190=1557836410,1557883935,1557886108,1557919781; 250=6c9882bbac1c7093bd2504188127765843278787; PHPSESSID=9drli49h2ppb3p69to6rm8gbl4',
)
[ info ] [ PARAM ] array (
  'data' => '{"username":"admin","password":"123456"}',
)
[ info ] [ RUN ] app\admin\controller\Comm->login[ W:\lovewall\application\admin\controller\Comm.php ]
[ info ] [ DB ] INIT mysql
[ info ] [ SESSION ] INIT array (
  'id' => '',
  'var_session_id' => '',
  'prefix' => 'think',
  'type' => '',
  'auto_start' => true,
)
[ info ] [ LOG ] INIT File
[ sql ] [ DB ] CONNECT:[ UseTime:0.003437s ] mysql:host=localhost;dbname=love;charset=utf8
[ sql ] [ SQL ] SHOW COLUMNS FROM `love_user` [ RunTime:0.008952s ]
[ sql ] [ SQL ] SELECT * FROM `love_user` WHERE  `username` = 'admin' LIMIT 1 [ RunTime:0.001067s ]
[ sql ] [ SQL ] UPDATE `love_user`  SET `pass_err`=0  WHERE  `username` = 'admin' [ RunTime:0.001169s ]
---------------------------------------------------------------
[ 2019-05-17T14:40:29+08:00 ] 127.0.0.1 GET lovewall.test/admin/index
[运行时间：0.101411s] [吞吐率：9.86req/s] [内存消耗：2,380.13kb] [文件加载：45]
[ info ] [ LANG ] W:\lovewall\thinkphp\lang\zh-cn.php
[ info ] [ ROUTE ] array (
  'type' => 'module',
  'module' => 
  array (
    0 => 'admin',
    1 => 'index',
    2 => NULL,
  ),
)
[ info ] [ HEADER ] array (
  'host' => 'lovewall.test',
  'connection' => 'keep-alive',
  'upgrade-insecure-requests' => '1',
  'user-agent' => 'Mozilla/5.0 (Windows NT 10.0; Win64; x64) AppleWebKit/537.36 (KHTML, like Gecko) Chrome/74.0.3729.157 Safari/537.36',
  'accept' => 'text/html,application/xhtml+xml,application/xml;q=0.9,image/webp,image/apng,*/*;q=0.8,application/signed-exchange;v=b3',
  'referer' => 'http://lovewall.test/admin/comm/login.html',
  'accept-encoding' => 'gzip, deflate',
  'accept-language' => 'zh-CN,zh;q=0.9',
  'cookie' => 'notice_id=0.32482300%2015577541455cd971214f4e1; 219=c0e190d8267e36708f955d7ab048990d43278787; 250=6c9882bbac1c7093bd2504188127765843278787; PHPSESSID=9drli49h2ppb3p69to6rm8gbl4; Hm_lvt_b393d153aeb26b46e9431fabaf0f6190=1557883935,1557886108,1557919781,1558075228; Hm_lpvt_b393d153aeb26b46e9431fabaf0f6190=1558075228',
)
[ info ] [ PARAM ] array (
)
[ info ] [ SESSION ] INIT array (
  'id' => '',
  'var_session_id' => '',
  'prefix' => 'think',
  'type' => '',
  'auto_start' => true,
)
[ info ] [ RUN ] app\admin\controller\index->index[ W:\lovewall\application\admin\controller\Index.php ]
[ info ] [ VIEW ] W:\lovewall\public/../application/admin\view\index\index.html [ array (
) ]
[ info ] [ LOG ] INIT File
---------------------------------------------------------------
[ 2019-05-17T14:40:30+08:00 ] 127.0.0.1 GET lovewall.test/admin/index/welcome.html
[运行时间：0.242352s] [吞吐率：4.13req/s] [内存消耗：3,235.71kb] [文件加载：52]
[ info ] [ LANG ] W:\lovewall\thinkphp\lang\zh-cn.php
[ info ] [ ROUTE ] array (
  'type' => 'module',
  'module' => 
  array (
    0 => 'admin',
    1 => 'index',
    2 => 'welcome',
  ),
)
[ info ] [ HEADER ] array (
  'host' => 'lovewall.test',
  'connection' => 'keep-alive',
  'upgrade-insecure-requests' => '1',
  'user-agent' => 'Mozilla/5.0 (Windows NT 10.0; Win64; x64) AppleWebKit/537.36 (KHTML, like Gecko) Chrome/74.0.3729.157 Safari/537.36',
  'accept' => 'text/html,application/xhtml+xml,application/xml;q=0.9,image/webp,image/apng,*/*;q=0.8,application/signed-exchange;v=b3',
  'referer' => 'http://lovewall.test/admin/index',
  'accept-encoding' => 'gzip, deflate',
  'accept-language' => 'zh-CN,zh;q=0.9',
  'cookie' => 'notice_id=0.32482300%2015577541455cd971214f4e1; 219=c0e190d8267e36708f955d7ab048990d43278787; 250=6c9882bbac1c7093bd2504188127765843278787; PHPSESSID=9drli49h2ppb3p69to6rm8gbl4; Hm_lvt_b393d153aeb26b46e9431fabaf0f6190=1557883935,1557886108,1557919781,1558075228; Hm_lpvt_b393d153aeb26b46e9431fabaf0f6190=1558075228',
)
[ info ] [ PARAM ] array (
)
[ info ] [ SESSION ] INIT array (
  'id' => '',
  'var_session_id' => '',
  'prefix' => 'think',
  'type' => '',
  'auto_start' => true,
)
[ info ] [ RUN ] app\admin\controller\index->welcome[ W:\lovewall\application\admin\controller\Index.php ]
[ info ] [ DB ] INIT mysql
[ info ] [ VIEW ] W:\lovewall\public/../application/admin\view\index\welcome.html [ array (
  0 => 'data',
) ]
[ info ] [ LOG ] INIT File
[ sql ] [ DB ] CONNECT:[ UseTime:0.004661s ] mysql:host=localhost;dbname=love;charset=utf8
[ sql ] [ SQL ] SHOW COLUMNS FROM `love_comment` [ RunTime:0.011583s ]
[ sql ] [ SQL ] SELECT COUNT(*) AS tp_count FROM `love_comment` LIMIT 1 [ RunTime:0.000705s ]
[ sql ] [ SQL ] SHOW COLUMNS FROM `love_contents` [ RunTime:0.014900s ]
[ sql ] [ SQL ] SELECT COUNT(*) AS tp_count FROM `love_contents` LIMIT 1 [ RunTime:0.001141s ]
[ sql ] [ SQL ] SHOW COLUMNS FROM `love_user` [ RunTime:0.005488s ]
[ sql ] [ SQL ] SELECT COUNT(*) AS tp_count FROM `love_user` LIMIT 1 [ RunTime:0.000555s ]
[ sql ] [ SQL ] SHOW COLUMNS FROM `love_notice` [ RunTime:0.013312s ]
[ sql ] [ SQL ] SELECT COUNT(*) AS tp_count FROM `love_notice` LIMIT 1 [ RunTime:0.000915s ]
[ sql ] [ SQL ] SHOW COLUMNS FROM `love_website` [ RunTime:0.014758s ]
[ sql ] [ SQL ] SELECT COUNT(*) AS tp_count FROM `love_website` LIMIT 1 [ RunTime:0.000902s ]
[ sql ] [ SQL ] SHOW COLUMNS FROM `love_barrager` [ RunTime:0.012938s ]
[ sql ] [ SQL ] SELECT COUNT(*) AS tp_count FROM `love_barrager` LIMIT 1 [ RunTime:0.000747s ]
---------------------------------------------------------------
[ 2019-05-17T14:40:30+08:00 ] 127.0.0.1 GET lovewall.test/admin/index/contentlist.html
[运行时间：0.195339s] [吞吐率：5.12req/s] [内存消耗：3,434.17kb] [文件加载：56]
[ info ] [ LANG ] W:\lovewall\thinkphp\lang\zh-cn.php
[ info ] [ ROUTE ] array (
  'type' => 'module',
  'module' => 
  array (
    0 => 'admin',
    1 => 'index',
    2 => 'contentlist',
  ),
)
[ info ] [ HEADER ] array (
  'host' => 'lovewall.test',
  'connection' => 'keep-alive',
  'upgrade-insecure-requests' => '1',
  'user-agent' => 'Mozilla/5.0 (Windows NT 10.0; Win64; x64) AppleWebKit/537.36 (KHTML, like Gecko) Chrome/74.0.3729.157 Safari/537.36',
  'accept' => 'text/html,application/xhtml+xml,application/xml;q=0.9,image/webp,image/apng,*/*;q=0.8,application/signed-exchange;v=b3',
  'referer' => 'http://lovewall.test/admin/index',
  'accept-encoding' => 'gzip, deflate',
  'accept-language' => 'zh-CN,zh;q=0.9',
  'cookie' => 'notice_id=0.32482300%2015577541455cd971214f4e1; 219=c0e190d8267e36708f955d7ab048990d43278787; 250=6c9882bbac1c7093bd2504188127765843278787; PHPSESSID=9drli49h2ppb3p69to6rm8gbl4; Hm_lvt_b393d153aeb26b46e9431fabaf0f6190=1557883935,1557886108,1557919781,1558075228; Hm_lpvt_b393d153aeb26b46e9431fabaf0f6190=1558075228',
)
[ info ] [ PARAM ] array (
)
[ info ] [ SESSION ] INIT array (
  'id' => '',
  'var_session_id' => '',
  'prefix' => 'think',
  'type' => '',
  'auto_start' => true,
)
[ info ] [ RUN ] app\admin\controller\index->contentList[ W:\lovewall\application\admin\controller\Index.php ]
[ info ] [ DB ] INIT mysql
[ info ] [ VIEW ] W:\lovewall\public/../application/admin\view\index\content_list.html [ array (
  0 => 'data',
) ]
[ info ] [ LOG ] INIT File
[ sql ] [ DB ] CONNECT:[ UseTime:0.004175s ] mysql:host=localhost;dbname=love;charset=utf8
[ sql ] [ SQL ] SHOW COLUMNS FROM `love_contents` [ RunTime:0.015018s ]
[ sql ] [ SQL ] SELECT COUNT(*) AS tp_count FROM `love_contents` WHERE  `date` BETWEEN 0 AND 0 LIMIT 1 [ RunTime:0.001579s ]
[ sql ] [ SQL ] SELECT * FROM `love_contents` WHERE  `date` BETWEEN 0 AND 0 ORDER BY `date` DESC LIMIT 0,10 [ RunTime:0.002666s ]
---------------------------------------------------------------
[ 2019-05-17T14:41:14+08:00 ] 127.0.0.1 GET lovewall.test/admin/index
[运行时间：0.095065s] [吞吐率：10.52req/s] [内存消耗：2,380.34kb] [文件加载：45]
[ info ] [ LANG ] W:\lovewall\thinkphp\lang\zh-cn.php
[ info ] [ ROUTE ] array (
  'type' => 'module',
  'module' => 
  array (
    0 => 'admin',
    1 => 'index',
    2 => NULL,
  ),
)
[ info ] [ HEADER ] array (
  'host' => 'lovewall.test',
  'connection' => 'keep-alive',
  'cache-control' => 'max-age=0',
  'upgrade-insecure-requests' => '1',
  'user-agent' => 'Mozilla/5.0 (Windows NT 10.0; Win64; x64) AppleWebKit/537.36 (KHTML, like Gecko) Chrome/74.0.3729.157 Safari/537.36',
  'accept' => 'text/html,application/xhtml+xml,application/xml;q=0.9,image/webp,image/apng,*/*;q=0.8,application/signed-exchange;v=b3',
  'referer' => 'http://lovewall.test/admin/comm/login.html',
  'accept-encoding' => 'gzip, deflate',
  'accept-language' => 'zh-CN,zh;q=0.9',
  'cookie' => 'notice_id=0.32482300%2015577541455cd971214f4e1; 219=c0e190d8267e36708f955d7ab048990d43278787; 250=6c9882bbac1c7093bd2504188127765843278787; PHPSESSID=9drli49h2ppb3p69to6rm8gbl4; Hm_lvt_b393d153aeb26b46e9431fabaf0f6190=1557883935,1557886108,1557919781,1558075228; Hm_lpvt_b393d153aeb26b46e9431fabaf0f6190=1558075228',
)
[ info ] [ PARAM ] array (
)
[ info ] [ SESSION ] INIT array (
  'id' => '',
  'var_session_id' => '',
  'prefix' => 'think',
  'type' => '',
  'auto_start' => true,
)
[ info ] [ RUN ] app\admin\controller\index->index[ W:\lovewall\application\admin\controller\Index.php ]
[ info ] [ VIEW ] W:\lovewall\public/../application/admin\view\index\index.html [ array (
) ]
[ info ] [ LOG ] INIT File
---------------------------------------------------------------
[ 2019-05-17T14:41:14+08:00 ] 127.0.0.1 GET lovewall.test/admin/index/welcome.html
[运行时间：0.173905s] [吞吐率：5.75req/s] [内存消耗：3,068.70kb] [文件加载：50]
[ info ] [ LANG ] W:\lovewall\thinkphp\lang\zh-cn.php
[ info ] [ ROUTE ] array (
  'type' => 'module',
  'module' => 
  array (
    0 => 'admin',
    1 => 'index',
    2 => 'welcome',
  ),
)
[ info ] [ HEADER ] array (
  'host' => 'lovewall.test',
  'connection' => 'keep-alive',
  'upgrade-insecure-requests' => '1',
  'user-agent' => 'Mozilla/5.0 (Windows NT 10.0; Win64; x64) AppleWebKit/537.36 (KHTML, like Gecko) Chrome/74.0.3729.157 Safari/537.36',
  'accept' => 'text/html,application/xhtml+xml,application/xml;q=0.9,image/webp,image/apng,*/*;q=0.8,application/signed-exchange;v=b3',
  'referer' => 'http://lovewall.test/admin/index',
  'accept-encoding' => 'gzip, deflate',
  'accept-language' => 'zh-CN,zh;q=0.9',
  'cookie' => 'notice_id=0.32482300%2015577541455cd971214f4e1; 219=c0e190d8267e36708f955d7ab048990d43278787; 250=6c9882bbac1c7093bd2504188127765843278787; PHPSESSID=9drli49h2ppb3p69to6rm8gbl4; Hm_lvt_b393d153aeb26b46e9431fabaf0f6190=1557883935,1557886108,1557919781,1558075228; Hm_lpvt_b393d153aeb26b46e9431fabaf0f6190=1558075228',
)
[ info ] [ PARAM ] array (
)
[ info ] [ SESSION ] INIT array (
  'id' => '',
  'var_session_id' => '',
  'prefix' => 'think',
  'type' => '',
  'auto_start' => true,
)
[ info ] [ RUN ] app\admin\controller\index->welcome[ W:\lovewall\application\admin\controller\Index.php ]
[ info ] [ DB ] INIT mysql
[ info ] [ VIEW ] W:\lovewall\public/../application/admin\view\index\welcome.html [ array (
  0 => 'data',
) ]
[ info ] [ LOG ] INIT File
[ sql ] [ DB ] CONNECT:[ UseTime:0.003303s ] mysql:host=localhost;dbname=love;charset=utf8
[ sql ] [ SQL ] SHOW COLUMNS FROM `love_comment` [ RunTime:0.004868s ]
[ sql ] [ SQL ] SELECT COUNT(*) AS tp_count FROM `love_comment` LIMIT 1 [ RunTime:0.000997s ]
[ sql ] [ SQL ] SHOW COLUMNS FROM `love_contents` [ RunTime:0.009516s ]
[ sql ] [ SQL ] SELECT COUNT(*) AS tp_count FROM `love_contents` LIMIT 1 [ RunTime:0.001378s ]
[ sql ] [ SQL ] SHOW COLUMNS FROM `love_user` [ RunTime:0.004777s ]
[ sql ] [ SQL ] SELECT COUNT(*) AS tp_count FROM `love_user` LIMIT 1 [ RunTime:0.000835s ]
[ sql ] [ SQL ] SHOW COLUMNS FROM `love_notice` [ RunTime:0.009323s ]
[ sql ] [ SQL ] SELECT COUNT(*) AS tp_count FROM `love_notice` LIMIT 1 [ RunTime:0.001178s ]
[ sql ] [ SQL ] SHOW COLUMNS FROM `love_website` [ RunTime:0.009039s ]
[ sql ] [ SQL ] SELECT COUNT(*) AS tp_count FROM `love_website` LIMIT 1 [ RunTime:0.001054s ]
[ sql ] [ SQL ] SHOW COLUMNS FROM `love_barrager` [ RunTime:0.009874s ]
[ sql ] [ SQL ] SELECT COUNT(*) AS tp_count FROM `love_barrager` LIMIT 1 [ RunTime:0.000928s ]
---------------------------------------------------------------
[ 2019-05-17T14:41:14+08:00 ] 127.0.0.1 GET lovewall.test/admin/index/contentlist.html
[运行时间：0.166798s] [吞吐率：6.00req/s] [内存消耗：3,255.34kb] [文件加载：54]
[ info ] [ LANG ] W:\lovewall\thinkphp\lang\zh-cn.php
[ info ] [ ROUTE ] array (
  'type' => 'module',
  'module' => 
  array (
    0 => 'admin',
    1 => 'index',
    2 => 'contentlist',
  ),
)
[ info ] [ HEADER ] array (
  'host' => 'lovewall.test',
  'connection' => 'keep-alive',
  'upgrade-insecure-requests' => '1',
  'user-agent' => 'Mozilla/5.0 (Windows NT 10.0; Win64; x64) AppleWebKit/537.36 (KHTML, like Gecko) Chrome/74.0.3729.157 Safari/537.36',
  'accept' => 'text/html,application/xhtml+xml,application/xml;q=0.9,image/webp,image/apng,*/*;q=0.8,application/signed-exchange;v=b3',
  'referer' => 'http://lovewall.test/admin/index',
  'accept-encoding' => 'gzip, deflate',
  'accept-language' => 'zh-CN,zh;q=0.9',
  'cookie' => 'notice_id=0.32482300%2015577541455cd971214f4e1; 219=c0e190d8267e36708f955d7ab048990d43278787; 250=6c9882bbac1c7093bd2504188127765843278787; PHPSESSID=9drli49h2ppb3p69to6rm8gbl4; Hm_lvt_b393d153aeb26b46e9431fabaf0f6190=1557883935,1557886108,1557919781,1558075228; Hm_lpvt_b393d153aeb26b46e9431fabaf0f6190=1558075228',
)
[ info ] [ PARAM ] array (
)
[ info ] [ SESSION ] INIT array (
  'id' => '',
  'var_session_id' => '',
  'prefix' => 'think',
  'type' => '',
  'auto_start' => true,
)
[ info ] [ RUN ] app\admin\controller\index->contentList[ W:\lovewall\application\admin\controller\Index.php ]
[ info ] [ DB ] INIT mysql
[ info ] [ VIEW ] W:\lovewall\public/../application/admin\view\index\content_list.html [ array (
  0 => 'data',
) ]
[ info ] [ LOG ] INIT File
[ sql ] [ DB ] CONNECT:[ UseTime:0.004632s ] mysql:host=localhost;dbname=love;charset=utf8
[ sql ] [ SQL ] SHOW COLUMNS FROM `love_contents` [ RunTime:0.011316s ]
[ sql ] [ SQL ] SELECT COUNT(*) AS tp_count FROM `love_contents` WHERE  `date` BETWEEN 0 AND 0 LIMIT 1 [ RunTime:0.001814s ]
[ sql ] [ SQL ] SELECT * FROM `love_contents` WHERE  `date` BETWEEN 0 AND 0 ORDER BY `date` DESC LIMIT 0,10 [ RunTime:0.001341s ]
