---------------------------------------------------------------
[ 2019-12-17T17:47:26+08:00 ] 124.114.203.162 GET love.sustxyly.top/
[运行时间：0.033616s] [吞吐率：29.75req/s] [内存消耗：415.26kb] [文件加载：53]
[ info ] [ LANG ] /www/wwwroot/love.sustxyly.top/thinkphp/lang/zh-cn.php
[ info ] [ ROUTE ] array (
  'type' => 'module',
  'module' => 
  array (
    0 => '',
    1 => NULL,
    2 => NULL,
  ),
)
[ info ] [ HEADER ] array (
  'accept-language' => 'zh-CN,zh;q=0.9',
  'accept-encoding' => 'gzip, deflate',
  'accept' => 'text/html,application/xhtml+xml,application/xml;q=0.9,image/webp,image/apng,*/*;q=0.8,application/signed-exchange;v=b3',
  'user-agent' => 'Mozilla/5.0 (Windows NT 10.0; Win64; x64) AppleWebKit/537.36 (KHTML, like Gecko) Chrome/78.0.3904.108 Safari/537.36',
  'upgrade-insecure-requests' => '1',
  'connection' => 'keep-alive',
  'host' => 'love.sustxyly.top',
  'content-type' => '',
  'content-length' => '',
)
[ info ] [ PARAM ] array (
)
[ info ] [ RUN ] app\index\controller\Index->index[ /www/wwwroot/love.sustxyly.top/application/index/controller/Index.php ]
[ info ] [ DB ] INIT mysql
[ info ] [ VIEW ] /www/wwwroot/love.sustxyly.top/public/../application/index/view/index/index.html [ array (
  0 => 'data',
  1 => 'indexContent',
  2 => 'page',
) ]
[ info ] [ LOG ] INIT File
[ sql ] [ DB ] CONNECT:[ UseTime:0.002653s ] mysql:host=39.106.190.222;dbname=love_sustxyly_t;charset=utf8
[ sql ] [ SQL ] SHOW COLUMNS FROM `love_options` [ RunTime:0.002150s ]
[ sql ] [ SQL ] SELECT * FROM `love_options` WHERE  `name` = 'icp' LIMIT 1 [ RunTime:0.001727s ]
[ sql ] [ SQL ] SELECT * FROM `love_options` WHERE  `name` = 'cnzz' LIMIT 1 [ RunTime:0.001691s ]
[ sql ] [ SQL ] SELECT * FROM `love_options` WHERE  `name` = 'name' LIMIT 1 [ RunTime:0.001660s ]
[ sql ] [ SQL ] SELECT * FROM `love_options` WHERE  `name` = 'title' LIMIT 1 [ RunTime:0.001681s ]
[ sql ] [ SQL ] SELECT * FROM `love_options` WHERE  `name` = 'keywords' LIMIT 1 [ RunTime:0.001695s ]
[ sql ] [ SQL ] SELECT * FROM `love_options` WHERE  `name` = 'description' LIMIT 1 [ RunTime:0.001675s ]
[ sql ] [ SQL ] SELECT * FROM `love_options` WHERE  `name` = 'title' LIMIT 1 [ RunTime:0.001719s ]
[ sql ] [ SQL ] SHOW COLUMNS FROM `love_website` [ RunTime:0.002165s ]
[ sql ] [ SQL ] SELECT COUNT(*) AS tp_count FROM `love_website` LIMIT 1 [ RunTime:0.001660s ]
[ sql ] [ SQL ] SELECT * FROM `love_website` LIMIT 0,9 [ RunTime:0.001687s ]
---------------------------------------------------------------
[ 2019-12-17T17:47:27+08:00 ] 124.114.203.162 POST love.sustxyly.top/index/index/getnotice.html
[运行时间：0.009201s] [吞吐率：108.68req/s] [内存消耗：389.40kb] [文件加载：47]
[ info ] [ LANG ] /www/wwwroot/love.sustxyly.top/thinkphp/lang/zh-cn.php
[ info ] [ ROUTE ] array (
  'type' => 'module',
  'module' => 
  array (
    0 => 'index',
    1 => 'index',
    2 => 'getnotice',
  ),
)
[ info ] [ HEADER ] array (
  'accept-language' => 'zh-CN,zh;q=0.9',
  'accept-encoding' => 'gzip, deflate',
  'referer' => 'http://love.sustxyly.top/',
  'content-type' => 'application/x-www-form-urlencoded; charset=UTF-8',
  'user-agent' => 'Mozilla/5.0 (Windows NT 10.0; Win64; x64) AppleWebKit/537.36 (KHTML, like Gecko) Chrome/78.0.3904.108 Safari/537.36',
  'x-requested-with' => 'XMLHttpRequest',
  'origin' => 'http://love.sustxyly.top',
  'accept' => 'application/json, text/javascript, */*; q=0.01',
  'content-length' => '8',
  'connection' => 'keep-alive',
  'host' => 'love.sustxyly.top',
)
[ info ] [ PARAM ] array (
  'func' => 'get',
)
[ info ] [ RUN ] app\index\controller\Index->getNotice[ /www/wwwroot/love.sustxyly.top/application/index/controller/Index.php ]
[ info ] [ DB ] INIT mysql
[ info ] [ LOG ] INIT File
[ sql ] [ DB ] CONNECT:[ UseTime:0.001841s ] mysql:host=39.106.190.222;dbname=love_sustxyly_t;charset=utf8
[ sql ] [ SQL ] SHOW COLUMNS FROM `love_notice` [ RunTime:0.001649s ]
[ sql ] [ SQL ] SELECT * FROM `love_notice` ORDER BY `time` DESC LIMIT 1 [ RunTime:0.001371s ]
---------------------------------------------------------------
[ 2019-12-17T17:47:30+08:00 ] 180.163.220.67 GET love.sustxyly.top/
[运行时间：0.028401s] [吞吐率：35.21req/s] [内存消耗：415.93kb] [文件加载：53]
[ info ] [ LANG ] /www/wwwroot/love.sustxyly.top/thinkphp/lang/zh-cn.php
[ info ] [ ROUTE ] array (
  'type' => 'module',
  'module' => 
  array (
    0 => '',
    1 => NULL,
    2 => NULL,
  ),
)
[ info ] [ HEADER ] array (
  'accept-encoding' => 'gzip, deflate',
  'referer' => 'http://baidu.com/',
  'accept' => 'text/html,application/xhtml+xml,application/xml;q=0.9,image/webp,image/apng,*/*;q=0.8',
  'user-agent' => 'Mozilla/5.0 (Linux; U; Android 8.1.0; zh-CN; EML-AL00 Build/HUAWEIEML-AL00) AppleWebKit/537.36 (KHTML, like Gecko) Version/4.0 Chrome/57.0.2987.108 baidu.sogo.uc.UCBrowser/11.9.4.974 UWS/2.13.1.48 Mobile Safari/537.36 AliApp(DingTalk/4.5.11) com.alibaba.android.rimet/10487439 Channel/227200 language/zh-CN',
  'upgrade-insecure-requests' => '1',
  'cache-control' => 'no-cache',
  'pragma' => 'no-cache',
  'connection' => 'keep-alive',
  'host' => 'love.sustxyly.top',
  'content-type' => '',
  'content-length' => '',
)
[ info ] [ PARAM ] array (
)
[ info ] [ RUN ] app\index\controller\Index->index[ /www/wwwroot/love.sustxyly.top/application/index/controller/Index.php ]
[ info ] [ DB ] INIT mysql
[ info ] [ VIEW ] /www/wwwroot/love.sustxyly.top/public/../application/index/view/index/index.html [ array (
  0 => 'data',
  1 => 'indexContent',
  2 => 'page',
) ]
[ info ] [ LOG ] INIT File
[ sql ] [ DB ] CONNECT:[ UseTime:0.002460s ] mysql:host=39.106.190.222;dbname=love_sustxyly_t;charset=utf8
[ sql ] [ SQL ] SHOW COLUMNS FROM `love_options` [ RunTime:0.002093s ]
[ sql ] [ SQL ] SELECT * FROM `love_options` WHERE  `name` = 'icp' LIMIT 1 [ RunTime:0.001640s ]
[ sql ] [ SQL ] SELECT * FROM `love_options` WHERE  `name` = 'cnzz' LIMIT 1 [ RunTime:0.001781s ]
[ sql ] [ SQL ] SELECT * FROM `love_options` WHERE  `name` = 'name' LIMIT 1 [ RunTime:0.001592s ]
[ sql ] [ SQL ] SELECT * FROM `love_options` WHERE  `name` = 'title' LIMIT 1 [ RunTime:0.001543s ]
[ sql ] [ SQL ] SELECT * FROM `love_options` WHERE  `name` = 'keywords' LIMIT 1 [ RunTime:0.001550s ]
[ sql ] [ SQL ] SELECT * FROM `love_options` WHERE  `name` = 'description' LIMIT 1 [ RunTime:0.001582s ]
[ sql ] [ SQL ] SELECT * FROM `love_options` WHERE  `name` = 'title' LIMIT 1 [ RunTime:0.002488s ]
[ sql ] [ SQL ] SHOW COLUMNS FROM `love_website` [ RunTime:0.002011s ]
[ sql ] [ SQL ] SELECT COUNT(*) AS tp_count FROM `love_website` LIMIT 1 [ RunTime:0.001533s ]
[ sql ] [ SQL ] SELECT * FROM `love_website` LIMIT 0,9 [ RunTime:0.001593s ]
---------------------------------------------------------------
[ 2019-12-17T17:47:31+08:00 ] 180.163.220.5 POST love.sustxyly.top/index/index/getnotice.html
[运行时间：0.009364s] [吞吐率：106.79req/s] [内存消耗：390.18kb] [文件加载：47]
[ info ] [ LANG ] /www/wwwroot/love.sustxyly.top/thinkphp/lang/zh-cn.php
[ info ] [ ROUTE ] array (
  'type' => 'module',
  'module' => 
  array (
    0 => 'index',
    1 => 'index',
    2 => 'getnotice',
  ),
)
[ info ] [ HEADER ] array (
  'accept-encoding' => 'gzip, deflate',
  'referer' => 'http://love.sustxyly.top/',
  'content-type' => 'application/x-www-form-urlencoded; charset=UTF-8',
  'user-agent' => 'Mozilla/5.0 (Linux; U; Android 8.1.0; zh-CN; EML-AL00 Build/HUAWEIEML-AL00) AppleWebKit/537.36 (KHTML, like Gecko) Version/4.0 Chrome/57.0.2987.108 baidu.sogo.uc.UCBrowser/11.9.4.974 UWS/2.13.1.48 Mobile Safari/537.36 AliApp(DingTalk/4.5.11) com.alibaba.android.rimet/10487439 Channel/227200 language/zh-CN',
  'x-requested-with' => 'XMLHttpRequest',
  'origin' => 'http://love.sustxyly.top',
  'accept' => 'application/json, text/javascript, */*; q=0.01',
  'cache-control' => 'no-cache',
  'pragma' => 'no-cache',
  'content-length' => '8',
  'connection' => 'keep-alive',
  'host' => 'love.sustxyly.top',
)
[ info ] [ PARAM ] array (
  'func' => 'get',
)
[ info ] [ RUN ] app\index\controller\Index->getNotice[ /www/wwwroot/love.sustxyly.top/application/index/controller/Index.php ]
[ info ] [ DB ] INIT mysql
[ info ] [ LOG ] INIT File
[ sql ] [ DB ] CONNECT:[ UseTime:0.001918s ] mysql:host=39.106.190.222;dbname=love_sustxyly_t;charset=utf8
[ sql ] [ SQL ] SHOW COLUMNS FROM `love_notice` [ RunTime:0.001729s ]
[ sql ] [ SQL ] SELECT * FROM `love_notice` ORDER BY `time` DESC LIMIT 1 [ RunTime:0.001320s ]
---------------------------------------------------------------
[ 2019-12-17T17:47:32+08:00 ] 124.114.203.162 GET love.sustxyly.top/index/index/openschool.html
[运行时间：0.019447s] [吞吐率：51.42req/s] [内存消耗：399.80kb] [文件加载：50]
[ info ] [ LANG ] /www/wwwroot/love.sustxyly.top/thinkphp/lang/zh-cn.php
[ info ] [ ROUTE ] array (
  'type' => 'module',
  'module' => 
  array (
    0 => 'index',
    1 => 'index',
    2 => 'openschool',
  ),
)
[ info ] [ HEADER ] array (
  'accept-language' => 'zh-CN,zh;q=0.9',
  'accept-encoding' => 'gzip, deflate',
  'referer' => 'http://love.sustxyly.top/',
  'accept' => 'text/html,application/xhtml+xml,application/xml;q=0.9,image/webp,image/apng,*/*;q=0.8,application/signed-exchange;v=b3',
  'user-agent' => 'Mozilla/5.0 (Windows NT 10.0; Win64; x64) AppleWebKit/537.36 (KHTML, like Gecko) Chrome/78.0.3904.108 Safari/537.36',
  'upgrade-insecure-requests' => '1',
  'connection' => 'keep-alive',
  'host' => 'love.sustxyly.top',
  'content-type' => '',
  'content-length' => '',
)
[ info ] [ PARAM ] array (
)
[ info ] [ RUN ] app\index\controller\Index->openSchool[ /www/wwwroot/love.sustxyly.top/application/index/controller/Index.php ]
[ info ] [ DB ] INIT mysql
[ info ] [ VIEW ] /www/wwwroot/love.sustxyly.top/public/../application/index/view/index/open.html [ array (
  0 => 'data',
) ]
[ info ] [ LOG ] INIT File
[ sql ] [ DB ] CONNECT:[ UseTime:0.002094s ] mysql:host=39.106.190.222;dbname=love_sustxyly_t;charset=utf8
[ sql ] [ SQL ] SHOW COLUMNS FROM `love_options` [ RunTime:0.001801s ]
[ sql ] [ SQL ] SELECT * FROM `love_options` WHERE  `name` = 'icp' LIMIT 1 [ RunTime:0.001379s ]
[ sql ] [ SQL ] SELECT * FROM `love_options` WHERE  `name` = 'cnzz' LIMIT 1 [ RunTime:0.001361s ]
[ sql ] [ SQL ] SELECT * FROM `love_options` WHERE  `name` = 'name' LIMIT 1 [ RunTime:0.001427s ]
[ sql ] [ SQL ] SELECT * FROM `love_options` WHERE  `name` = 'title' LIMIT 1 [ RunTime:0.001329s ]
[ sql ] [ SQL ] SELECT * FROM `love_options` WHERE  `name` = 'keywords' LIMIT 1 [ RunTime:0.001398s ]
[ sql ] [ SQL ] SELECT * FROM `love_options` WHERE  `name` = 'description' LIMIT 1 [ RunTime:0.001331s ]
[ sql ] [ SQL ] SELECT * FROM `love_options` WHERE  `name` = 'title' LIMIT 1 [ RunTime:0.001342s ]
---------------------------------------------------------------
[ 2019-12-17T17:47:33+08:00 ] 124.114.203.162 GET love.sustxyly.top/
[运行时间：0.023553s] [吞吐率：42.46req/s] [内存消耗：415.27kb] [文件加载：53]
[ info ] [ LANG ] /www/wwwroot/love.sustxyly.top/thinkphp/lang/zh-cn.php
[ info ] [ ROUTE ] array (
  'type' => 'module',
  'module' => 
  array (
    0 => '',
    1 => NULL,
    2 => NULL,
  ),
)
[ info ] [ HEADER ] array (
  'accept-language' => 'zh-CN,zh;q=0.9',
  'accept-encoding' => 'gzip, deflate',
  'referer' => 'http://love.sustxyly.top/index/index/openschool.html',
  'accept' => 'text/html,application/xhtml+xml,application/xml;q=0.9,image/webp,image/apng,*/*;q=0.8,application/signed-exchange;v=b3',
  'user-agent' => 'Mozilla/5.0 (Windows NT 10.0; Win64; x64) AppleWebKit/537.36 (KHTML, like Gecko) Chrome/78.0.3904.108 Safari/537.36',
  'upgrade-insecure-requests' => '1',
  'connection' => 'keep-alive',
  'host' => 'love.sustxyly.top',
  'content-type' => '',
  'content-length' => '',
)
[ info ] [ PARAM ] array (
)
[ info ] [ RUN ] app\index\controller\Index->index[ /www/wwwroot/love.sustxyly.top/application/index/controller/Index.php ]
[ info ] [ DB ] INIT mysql
[ info ] [ VIEW ] /www/wwwroot/love.sustxyly.top/public/../application/index/view/index/index.html [ array (
  0 => 'data',
  1 => 'indexContent',
  2 => 'page',
) ]
[ info ] [ LOG ] INIT File
[ sql ] [ DB ] CONNECT:[ UseTime:0.002008s ] mysql:host=39.106.190.222;dbname=love_sustxyly_t;charset=utf8
[ sql ] [ SQL ] SHOW COLUMNS FROM `love_options` [ RunTime:0.001751s ]
[ sql ] [ SQL ] SELECT * FROM `love_options` WHERE  `name` = 'icp' LIMIT 1 [ RunTime:0.001318s ]
[ sql ] [ SQL ] SELECT * FROM `love_options` WHERE  `name` = 'cnzz' LIMIT 1 [ RunTime:0.001260s ]
[ sql ] [ SQL ] SELECT * FROM `love_options` WHERE  `name` = 'name' LIMIT 1 [ RunTime:0.001308s ]
[ sql ] [ SQL ] SELECT * FROM `love_options` WHERE  `name` = 'title' LIMIT 1 [ RunTime:0.001302s ]
[ sql ] [ SQL ] SELECT * FROM `love_options` WHERE  `name` = 'keywords' LIMIT 1 [ RunTime:0.001261s ]
[ sql ] [ SQL ] SELECT * FROM `love_options` WHERE  `name` = 'description' LIMIT 1 [ RunTime:0.001240s ]
[ sql ] [ SQL ] SELECT * FROM `love_options` WHERE  `name` = 'title' LIMIT 1 [ RunTime:0.001260s ]
[ sql ] [ SQL ] SHOW COLUMNS FROM `love_website` [ RunTime:0.002015s ]
[ sql ] [ SQL ] SELECT COUNT(*) AS tp_count FROM `love_website` LIMIT 1 [ RunTime:0.001255s ]
[ sql ] [ SQL ] SELECT * FROM `love_website` LIMIT 0,9 [ RunTime:0.001264s ]
---------------------------------------------------------------
[ 2019-12-17T17:47:33+08:00 ] 124.114.203.162 POST love.sustxyly.top/index/index/getnotice.html
[运行时间：0.008818s] [吞吐率：113.40req/s] [内存消耗：389.40kb] [文件加载：47]
[ info ] [ LANG ] /www/wwwroot/love.sustxyly.top/thinkphp/lang/zh-cn.php
[ info ] [ ROUTE ] array (
  'type' => 'module',
  'module' => 
  array (
    0 => 'index',
    1 => 'index',
    2 => 'getnotice',
  ),
)
[ info ] [ HEADER ] array (
  'accept-language' => 'zh-CN,zh;q=0.9',
  'accept-encoding' => 'gzip, deflate',
  'referer' => 'http://love.sustxyly.top/',
  'content-type' => 'application/x-www-form-urlencoded; charset=UTF-8',
  'user-agent' => 'Mozilla/5.0 (Windows NT 10.0; Win64; x64) AppleWebKit/537.36 (KHTML, like Gecko) Chrome/78.0.3904.108 Safari/537.36',
  'x-requested-with' => 'XMLHttpRequest',
  'origin' => 'http://love.sustxyly.top',
  'accept' => 'application/json, text/javascript, */*; q=0.01',
  'content-length' => '8',
  'connection' => 'keep-alive',
  'host' => 'love.sustxyly.top',
)
[ info ] [ PARAM ] array (
  'func' => 'get',
)
[ info ] [ RUN ] app\index\controller\Index->getNotice[ /www/wwwroot/love.sustxyly.top/application/index/controller/Index.php ]
[ info ] [ DB ] INIT mysql
[ info ] [ LOG ] INIT File
[ sql ] [ DB ] CONNECT:[ UseTime:0.001901s ] mysql:host=39.106.190.222;dbname=love_sustxyly_t;charset=utf8
[ sql ] [ SQL ] SHOW COLUMNS FROM `love_notice` [ RunTime:0.001665s ]
[ sql ] [ SQL ] SELECT * FROM `love_notice` ORDER BY `time` DESC LIMIT 1 [ RunTime:0.001243s ]
---------------------------------------------------------------
[ 2019-12-17T17:47:36+08:00 ] 124.114.203.162 GET love.sustxyly.top/index/index/openschool.html
[运行时间：0.018507s] [吞吐率：54.03req/s] [内存消耗：400.09kb] [文件加载：50]
[ info ] [ LANG ] /www/wwwroot/love.sustxyly.top/thinkphp/lang/zh-cn.php
[ info ] [ ROUTE ] array (
  'type' => 'module',
  'module' => 
  array (
    0 => 'index',
    1 => 'index',
    2 => 'openschool',
  ),
)
[ info ] [ HEADER ] array (
  'cookie' => 'notice_id=0.86586100%2015622094685d1d6cbcd3647',
  'accept-language' => 'zh-CN,zh;q=0.9',
  'accept-encoding' => 'gzip, deflate',
  'referer' => 'http://love.sustxyly.top/',
  'accept' => 'text/html,application/xhtml+xml,application/xml;q=0.9,image/webp,image/apng,*/*;q=0.8,application/signed-exchange;v=b3',
  'user-agent' => 'Mozilla/5.0 (Windows NT 10.0; Win64; x64) AppleWebKit/537.36 (KHTML, like Gecko) Chrome/78.0.3904.108 Safari/537.36',
  'upgrade-insecure-requests' => '1',
  'connection' => 'keep-alive',
  'host' => 'love.sustxyly.top',
  'content-type' => '',
  'content-length' => '',
)
[ info ] [ PARAM ] array (
)
[ info ] [ RUN ] app\index\controller\Index->openSchool[ /www/wwwroot/love.sustxyly.top/application/index/controller/Index.php ]
[ info ] [ DB ] INIT mysql
[ info ] [ VIEW ] /www/wwwroot/love.sustxyly.top/public/../application/index/view/index/open.html [ array (
  0 => 'data',
) ]
[ info ] [ LOG ] INIT File
[ sql ] [ DB ] CONNECT:[ UseTime:0.002026s ] mysql:host=39.106.190.222;dbname=love_sustxyly_t;charset=utf8
[ sql ] [ SQL ] SHOW COLUMNS FROM `love_options` [ RunTime:0.001722s ]
[ sql ] [ SQL ] SELECT * FROM `love_options` WHERE  `name` = 'icp' LIMIT 1 [ RunTime:0.001373s ]
[ sql ] [ SQL ] SELECT * FROM `love_options` WHERE  `name` = 'cnzz' LIMIT 1 [ RunTime:0.001267s ]
[ sql ] [ SQL ] SELECT * FROM `love_options` WHERE  `name` = 'name' LIMIT 1 [ RunTime:0.001352s ]
[ sql ] [ SQL ] SELECT * FROM `love_options` WHERE  `name` = 'title' LIMIT 1 [ RunTime:0.001266s ]
[ sql ] [ SQL ] SELECT * FROM `love_options` WHERE  `name` = 'keywords' LIMIT 1 [ RunTime:0.001258s ]
[ sql ] [ SQL ] SELECT * FROM `love_options` WHERE  `name` = 'description' LIMIT 1 [ RunTime:0.001240s ]
[ sql ] [ SQL ] SELECT * FROM `love_options` WHERE  `name` = 'title' LIMIT 1 [ RunTime:0.001252s ]
---------------------------------------------------------------
[ 2019-12-17T17:47:37+08:00 ] 124.114.203.162 GET love.sustxyly.top/index/index/serachinfo.html
[运行时间：0.018671s] [吞吐率：53.56req/s] [内存消耗：398.69kb] [文件加载：50]
[ info ] [ LANG ] /www/wwwroot/love.sustxyly.top/thinkphp/lang/zh-cn.php
[ info ] [ ROUTE ] array (
  'type' => 'module',
  'module' => 
  array (
    0 => 'index',
    1 => 'index',
    2 => 'serachinfo',
  ),
)
[ info ] [ HEADER ] array (
  'cookie' => 'notice_id=0.86586100%2015622094685d1d6cbcd3647',
  'accept-language' => 'zh-CN,zh;q=0.9',
  'accept-encoding' => 'gzip, deflate',
  'referer' => 'http://love.sustxyly.top/index/index/openschool.html',
  'accept' => 'text/html,application/xhtml+xml,application/xml;q=0.9,image/webp,image/apng,*/*;q=0.8,application/signed-exchange;v=b3',
  'user-agent' => 'Mozilla/5.0 (Windows NT 10.0; Win64; x64) AppleWebKit/537.36 (KHTML, like Gecko) Chrome/78.0.3904.108 Safari/537.36',
  'upgrade-insecure-requests' => '1',
  'connection' => 'keep-alive',
  'host' => 'love.sustxyly.top',
  'content-type' => '',
  'content-length' => '',
)
[ info ] [ PARAM ] array (
)
[ info ] [ RUN ] app\index\controller\Index->serachInfo[ /www/wwwroot/love.sustxyly.top/application/index/controller/Index.php ]
[ info ] [ DB ] INIT mysql
[ info ] [ VIEW ] /www/wwwroot/love.sustxyly.top/public/../application/index/view/index/serachInfo.html [ array (
  0 => 'data',
) ]
[ info ] [ LOG ] INIT File
[ sql ] [ DB ] CONNECT:[ UseTime:0.002158s ] mysql:host=39.106.190.222;dbname=love_sustxyly_t;charset=utf8
[ sql ] [ SQL ] SHOW COLUMNS FROM `love_options` [ RunTime:0.001854s ]
[ sql ] [ SQL ] SELECT * FROM `love_options` WHERE  `name` = 'icp' LIMIT 1 [ RunTime:0.001438s ]
[ sql ] [ SQL ] SELECT * FROM `love_options` WHERE  `name` = 'cnzz' LIMIT 1 [ RunTime:0.001427s ]
[ sql ] [ SQL ] SELECT * FROM `love_options` WHERE  `name` = 'name' LIMIT 1 [ RunTime:0.001342s ]
[ sql ] [ SQL ] SELECT * FROM `love_options` WHERE  `name` = 'title' LIMIT 1 [ RunTime:0.001327s ]
[ sql ] [ SQL ] SELECT * FROM `love_options` WHERE  `name` = 'keywords' LIMIT 1 [ RunTime:0.001340s ]
[ sql ] [ SQL ] SELECT * FROM `love_options` WHERE  `name` = 'description' LIMIT 1 [ RunTime:0.001336s ]
---------------------------------------------------------------
[ 2019-12-17T17:47:38+08:00 ] 124.114.203.162 GET love.sustxyly.top/index/index/about.html
[运行时间：0.018024s] [吞吐率：55.48req/s] [内存消耗：399.33kb] [文件加载：49]
[ info ] [ LANG ] /www/wwwroot/love.sustxyly.top/thinkphp/lang/zh-cn.php
[ info ] [ ROUTE ] array (
  'type' => 'module',
  'module' => 
  array (
    0 => 'index',
    1 => 'index',
    2 => 'about',
  ),
)
[ info ] [ HEADER ] array (
  'cookie' => 'notice_id=0.86586100%2015622094685d1d6cbcd3647',
  'accept-language' => 'zh-CN,zh;q=0.9',
  'accept-encoding' => 'gzip, deflate',
  'referer' => 'http://love.sustxyly.top/index/index/serachinfo.html',
  'accept' => 'text/html,application/xhtml+xml,application/xml;q=0.9,image/webp,image/apng,*/*;q=0.8,application/signed-exchange;v=b3',
  'user-agent' => 'Mozilla/5.0 (Windows NT 10.0; Win64; x64) AppleWebKit/537.36 (KHTML, like Gecko) Chrome/78.0.3904.108 Safari/537.36',
  'upgrade-insecure-requests' => '1',
  'connection' => 'keep-alive',
  'host' => 'love.sustxyly.top',
  'content-type' => '',
  'content-length' => '',
)
[ info ] [ PARAM ] array (
)
[ info ] [ RUN ] app\index\controller\Index->about[ /www/wwwroot/love.sustxyly.top/application/index/controller/Index.php ]
[ info ] [ DB ] INIT mysql
[ info ] [ VIEW ] /www/wwwroot/love.sustxyly.top/public/../application/index/view/index/about.html [ array (
  0 => 'data',
) ]
[ info ] [ LOG ] INIT File
[ sql ] [ DB ] CONNECT:[ UseTime:0.001999s ] mysql:host=39.106.190.222;dbname=love_sustxyly_t;charset=utf8
[ sql ] [ SQL ] SHOW COLUMNS FROM `love_options` [ RunTime:0.001750s ]
[ sql ] [ SQL ] SELECT * FROM `love_options` WHERE  `name` = 'icp' LIMIT 1 [ RunTime:0.001305s ]
[ sql ] [ SQL ] SELECT * FROM `love_options` WHERE  `name` = 'cnzz' LIMIT 1 [ RunTime:0.001271s ]
[ sql ] [ SQL ] SELECT * FROM `love_options` WHERE  `name` = 'name' LIMIT 1 [ RunTime:0.001304s ]
[ sql ] [ SQL ] SELECT * FROM `love_options` WHERE  `name` = 'title' LIMIT 1 [ RunTime:0.001267s ]
[ sql ] [ SQL ] SELECT * FROM `love_options` WHERE  `name` = 'keywords' LIMIT 1 [ RunTime:0.001254s ]
[ sql ] [ SQL ] SELECT * FROM `love_options` WHERE  `name` = 'description' LIMIT 1 [ RunTime:0.001251s ]
[ sql ] [ SQL ] SELECT * FROM `love_options` WHERE  `name` = 'page_about' LIMIT 1 [ RunTime:0.001273s ]
---------------------------------------------------------------
[ 2019-12-17T17:47:38+08:00 ] 124.114.203.162 GET love.sustxyly.top/index/index/serachinfo.html
[运行时间：0.017011s] [吞吐率：58.79req/s] [内存消耗：398.69kb] [文件加载：50]
[ info ] [ LANG ] /www/wwwroot/love.sustxyly.top/thinkphp/lang/zh-cn.php
[ info ] [ ROUTE ] array (
  'type' => 'module',
  'module' => 
  array (
    0 => 'index',
    1 => 'index',
    2 => 'serachinfo',
  ),
)
[ info ] [ HEADER ] array (
  'cookie' => 'notice_id=0.86586100%2015622094685d1d6cbcd3647',
  'accept-language' => 'zh-CN,zh;q=0.9',
  'accept-encoding' => 'gzip, deflate',
  'referer' => 'http://love.sustxyly.top/index/index/about.html',
  'accept' => 'text/html,application/xhtml+xml,application/xml;q=0.9,image/webp,image/apng,*/*;q=0.8,application/signed-exchange;v=b3',
  'user-agent' => 'Mozilla/5.0 (Windows NT 10.0; Win64; x64) AppleWebKit/537.36 (KHTML, like Gecko) Chrome/78.0.3904.108 Safari/537.36',
  'upgrade-insecure-requests' => '1',
  'connection' => 'keep-alive',
  'host' => 'love.sustxyly.top',
  'content-type' => '',
  'content-length' => '',
)
[ info ] [ PARAM ] array (
)
[ info ] [ RUN ] app\index\controller\Index->serachInfo[ /www/wwwroot/love.sustxyly.top/application/index/controller/Index.php ]
[ info ] [ DB ] INIT mysql
[ info ] [ VIEW ] /www/wwwroot/love.sustxyly.top/public/../application/index/view/index/serachInfo.html [ array (
  0 => 'data',
) ]
[ info ] [ LOG ] INIT File
[ sql ] [ DB ] CONNECT:[ UseTime:0.001986s ] mysql:host=39.106.190.222;dbname=love_sustxyly_t;charset=utf8
[ sql ] [ SQL ] SHOW COLUMNS FROM `love_options` [ RunTime:0.001731s ]
[ sql ] [ SQL ] SELECT * FROM `love_options` WHERE  `name` = 'icp' LIMIT 1 [ RunTime:0.001330s ]
[ sql ] [ SQL ] SELECT * FROM `love_options` WHERE  `name` = 'cnzz' LIMIT 1 [ RunTime:0.001276s ]
[ sql ] [ SQL ] SELECT * FROM `love_options` WHERE  `name` = 'name' LIMIT 1 [ RunTime:0.001296s ]
[ sql ] [ SQL ] SELECT * FROM `love_options` WHERE  `name` = 'title' LIMIT 1 [ RunTime:0.001271s ]
[ sql ] [ SQL ] SELECT * FROM `love_options` WHERE  `name` = 'keywords' LIMIT 1 [ RunTime:0.001279s ]
[ sql ] [ SQL ] SELECT * FROM `love_options` WHERE  `name` = 'description' LIMIT 1 [ RunTime:0.001239s ]
---------------------------------------------------------------
[ 2019-12-17T17:47:39+08:00 ] 124.114.203.162 GET love.sustxyly.top/index/index/openschool.html
[运行时间：0.019366s] [吞吐率：51.64req/s] [内存消耗：400.09kb] [文件加载：50]
[ info ] [ LANG ] /www/wwwroot/love.sustxyly.top/thinkphp/lang/zh-cn.php
[ info ] [ ROUTE ] array (
  'type' => 'module',
  'module' => 
  array (
    0 => 'index',
    1 => 'index',
    2 => 'openschool',
  ),
)
[ info ] [ HEADER ] array (
  'cookie' => 'notice_id=0.86586100%2015622094685d1d6cbcd3647',
  'accept-language' => 'zh-CN,zh;q=0.9',
  'accept-encoding' => 'gzip, deflate',
  'referer' => 'http://love.sustxyly.top/index/index/serachinfo.html',
  'accept' => 'text/html,application/xhtml+xml,application/xml;q=0.9,image/webp,image/apng,*/*;q=0.8,application/signed-exchange;v=b3',
  'user-agent' => 'Mozilla/5.0 (Windows NT 10.0; Win64; x64) AppleWebKit/537.36 (KHTML, like Gecko) Chrome/78.0.3904.108 Safari/537.36',
  'upgrade-insecure-requests' => '1',
  'connection' => 'keep-alive',
  'host' => 'love.sustxyly.top',
  'content-type' => '',
  'content-length' => '',
)
[ info ] [ PARAM ] array (
)
[ info ] [ RUN ] app\index\controller\Index->openSchool[ /www/wwwroot/love.sustxyly.top/application/index/controller/Index.php ]
[ info ] [ DB ] INIT mysql
[ info ] [ VIEW ] /www/wwwroot/love.sustxyly.top/public/../application/index/view/index/open.html [ array (
  0 => 'data',
) ]
[ info ] [ LOG ] INIT File
[ sql ] [ DB ] CONNECT:[ UseTime:0.002042s ] mysql:host=39.106.190.222;dbname=love_sustxyly_t;charset=utf8
[ sql ] [ SQL ] SHOW COLUMNS FROM `love_options` [ RunTime:0.001814s ]
[ sql ] [ SQL ] SELECT * FROM `love_options` WHERE  `name` = 'icp' LIMIT 1 [ RunTime:0.001336s ]
[ sql ] [ SQL ] SELECT * FROM `love_options` WHERE  `name` = 'cnzz' LIMIT 1 [ RunTime:0.001288s ]
[ sql ] [ SQL ] SELECT * FROM `love_options` WHERE  `name` = 'name' LIMIT 1 [ RunTime:0.001349s ]
[ sql ] [ SQL ] SELECT * FROM `love_options` WHERE  `name` = 'title' LIMIT 1 [ RunTime:0.001370s ]
[ sql ] [ SQL ] SELECT * FROM `love_options` WHERE  `name` = 'keywords' LIMIT 1 [ RunTime:0.001298s ]
[ sql ] [ SQL ] SELECT * FROM `love_options` WHERE  `name` = 'description' LIMIT 1 [ RunTime:0.001280s ]
[ sql ] [ SQL ] SELECT * FROM `love_options` WHERE  `name` = 'title' LIMIT 1 [ RunTime:0.001265s ]
---------------------------------------------------------------
[ 2019-12-17T17:47:39+08:00 ] 124.114.203.162 GET love.sustxyly.top/
[运行时间：0.021926s] [吞吐率：45.61req/s] [内存消耗：415.55kb] [文件加载：53]
[ info ] [ LANG ] /www/wwwroot/love.sustxyly.top/thinkphp/lang/zh-cn.php
[ info ] [ ROUTE ] array (
  'type' => 'module',
  'module' => 
  array (
    0 => '',
    1 => NULL,
    2 => NULL,
  ),
)
[ info ] [ HEADER ] array (
  'cookie' => 'notice_id=0.86586100%2015622094685d1d6cbcd3647',
  'accept-language' => 'zh-CN,zh;q=0.9',
  'accept-encoding' => 'gzip, deflate',
  'referer' => 'http://love.sustxyly.top/index/index/openschool.html',
  'accept' => 'text/html,application/xhtml+xml,application/xml;q=0.9,image/webp,image/apng,*/*;q=0.8,application/signed-exchange;v=b3',
  'user-agent' => 'Mozilla/5.0 (Windows NT 10.0; Win64; x64) AppleWebKit/537.36 (KHTML, like Gecko) Chrome/78.0.3904.108 Safari/537.36',
  'upgrade-insecure-requests' => '1',
  'connection' => 'keep-alive',
  'host' => 'love.sustxyly.top',
  'content-type' => '',
  'content-length' => '',
)
[ info ] [ PARAM ] array (
)
[ info ] [ RUN ] app\index\controller\Index->index[ /www/wwwroot/love.sustxyly.top/application/index/controller/Index.php ]
[ info ] [ DB ] INIT mysql
[ info ] [ VIEW ] /www/wwwroot/love.sustxyly.top/public/../application/index/view/index/index.html [ array (
  0 => 'data',
  1 => 'indexContent',
  2 => 'page',
) ]
[ info ] [ LOG ] INIT File
[ sql ] [ DB ] CONNECT:[ UseTime:0.001839s ] mysql:host=39.106.190.222;dbname=love_sustxyly_t;charset=utf8
[ sql ] [ SQL ] SHOW COLUMNS FROM `love_options` [ RunTime:0.001676s ]
[ sql ] [ SQL ] SELECT * FROM `love_options` WHERE  `name` = 'icp' LIMIT 1 [ RunTime:0.001240s ]
[ sql ] [ SQL ] SELECT * FROM `love_options` WHERE  `name` = 'cnzz' LIMIT 1 [ RunTime:0.001214s ]
[ sql ] [ SQL ] SELECT * FROM `love_options` WHERE  `name` = 'name' LIMIT 1 [ RunTime:0.001170s ]
[ sql ] [ SQL ] SELECT * FROM `love_options` WHERE  `name` = 'title' LIMIT 1 [ RunTime:0.001172s ]
[ sql ] [ SQL ] SELECT * FROM `love_options` WHERE  `name` = 'keywords' LIMIT 1 [ RunTime:0.001181s ]
[ sql ] [ SQL ] SELECT * FROM `love_options` WHERE  `name` = 'description' LIMIT 1 [ RunTime:0.001184s ]
[ sql ] [ SQL ] SELECT * FROM `love_options` WHERE  `name` = 'title' LIMIT 1 [ RunTime:0.001180s ]
[ sql ] [ SQL ] SHOW COLUMNS FROM `love_website` [ RunTime:0.001626s ]
[ sql ] [ SQL ] SELECT COUNT(*) AS tp_count FROM `love_website` LIMIT 1 [ RunTime:0.001162s ]
[ sql ] [ SQL ] SELECT * FROM `love_website` LIMIT 0,9 [ RunTime:0.001188s ]
---------------------------------------------------------------
[ 2019-12-17T17:47:39+08:00 ] 124.114.203.162 POST love.sustxyly.top/index/index/getnotice.html
[运行时间：0.009124s] [吞吐率：109.60req/s] [内存消耗：389.68kb] [文件加载：47]
[ info ] [ LANG ] /www/wwwroot/love.sustxyly.top/thinkphp/lang/zh-cn.php
[ info ] [ ROUTE ] array (
  'type' => 'module',
  'module' => 
  array (
    0 => 'index',
    1 => 'index',
    2 => 'getnotice',
  ),
)
[ info ] [ HEADER ] array (
  'cookie' => 'notice_id=0.86586100%2015622094685d1d6cbcd3647',
  'accept-language' => 'zh-CN,zh;q=0.9',
  'accept-encoding' => 'gzip, deflate',
  'referer' => 'http://love.sustxyly.top/',
  'content-type' => 'application/x-www-form-urlencoded; charset=UTF-8',
  'user-agent' => 'Mozilla/5.0 (Windows NT 10.0; Win64; x64) AppleWebKit/537.36 (KHTML, like Gecko) Chrome/78.0.3904.108 Safari/537.36',
  'x-requested-with' => 'XMLHttpRequest',
  'origin' => 'http://love.sustxyly.top',
  'accept' => 'application/json, text/javascript, */*; q=0.01',
  'content-length' => '8',
  'connection' => 'keep-alive',
  'host' => 'love.sustxyly.top',
)
[ info ] [ PARAM ] array (
  'func' => 'get',
)
[ info ] [ RUN ] app\index\controller\Index->getNotice[ /www/wwwroot/love.sustxyly.top/application/index/controller/Index.php ]
[ info ] [ DB ] INIT mysql
[ info ] [ LOG ] INIT File
[ sql ] [ DB ] CONNECT:[ UseTime:0.001959s ] mysql:host=39.106.190.222;dbname=love_sustxyly_t;charset=utf8
[ sql ] [ SQL ] SHOW COLUMNS FROM `love_notice` [ RunTime:0.001674s ]
[ sql ] [ SQL ] SELECT * FROM `love_notice` ORDER BY `time` DESC LIMIT 1 [ RunTime:0.001336s ]
---------------------------------------------------------------
[ 2019-12-17T17:47:43+08:00 ] 42.236.10.75 GET love.sustxyly.top/index/index/openschool.html
[运行时间：0.122631s] [吞吐率：8.15req/s] [内存消耗：240.57kb] [文件加载：44]
[ info ] [ LANG ] /www/wwwroot/love.sustxyly.top/thinkphp/lang/zh-cn.php
[ info ] [ ROUTE ] array (
  'type' => 'module',
  'module' => 
  array (
    0 => 'index',
    1 => 'index',
    2 => 'openschool',
  ),
)
[ info ] [ HEADER ] array (
  'accept-encoding' => 'gzip, deflate',
  'accept' => 'text/html,application/xhtml+xml,application/xml;q=0.9,image/webp,image/apng,*/*;q=0.8',
  'upgrade-insecure-requests' => '1',
  'user-agent' => 'Mozilla/5.0 (Linux; U; Android 8.1.0; zh-CN; EML-AL00 Build/HUAWEIEML-AL00) AppleWebKit/537.36 (KHTML, like Gecko) Version/4.0 Chrome/57.0.2987.108 baidu.sogo.uc.UCBrowser/11.9.4.974 UWS/2.13.1.48 Mobile Safari/537.36 AliApp(DingTalk/4.5.11) com.alibaba.android.rimet/10487439 Channel/227200 language/zh-CN',
  'connection' => 'keep-alive',
  'host' => 'love.sustxyly.top',
  'content-type' => '',
  'content-length' => '',
)
[ info ] [ PARAM ] array (
)
[ info ] [ RUN ] app\index\controller\Index->openSchool[ /www/wwwroot/love.sustxyly.top/application/index/controller/Index.php ]
[ info ] [ LOG ] INIT File
[ error ] [8]未定义数组索引: HTTP_REFERER[/www/wwwroot/love.sustxyly.top/application/common/controller/Safe.php:40]
---------------------------------------------------------------
[ 2019-12-17T17:47:46+08:00 ] 180.163.220.68 GET love.sustxyly.top/index/index/about.html
[运行时间：0.018332s] [吞吐率：54.55req/s] [内存消耗：399.70kb] [文件加载：49]
[ info ] [ LANG ] /www/wwwroot/love.sustxyly.top/thinkphp/lang/zh-cn.php
[ info ] [ ROUTE ] array (
  'type' => 'module',
  'module' => 
  array (
    0 => 'index',
    1 => 'index',
    2 => 'about',
  ),
)
[ info ] [ HEADER ] array (
  'accept-encoding' => 'gzip, deflate',
  'referer' => 'http://baidu.com/',
  'accept' => 'text/html,application/xhtml+xml,application/xml;q=0.9,image/webp,image/apng,*/*;q=0.8',
  'user-agent' => 'Mozilla/5.0 (Linux; U; Android 8.1.0; zh-CN; EML-AL00 Build/HUAWEIEML-AL00) AppleWebKit/537.36 (KHTML, like Gecko) Version/4.0 Chrome/57.0.2987.108 baidu.sogo.uc.UCBrowser/11.9.4.974 UWS/2.13.1.48 Mobile Safari/537.36 AliApp(DingTalk/4.5.11) com.alibaba.android.rimet/10487439 Channel/227200 language/zh-CN',
  'upgrade-insecure-requests' => '1',
  'cache-control' => 'no-cache',
  'pragma' => 'no-cache',
  'connection' => 'keep-alive',
  'host' => 'love.sustxyly.top',
  'content-type' => '',
  'content-length' => '',
)
[ info ] [ PARAM ] array (
)
[ info ] [ RUN ] app\index\controller\Index->about[ /www/wwwroot/love.sustxyly.top/application/index/controller/Index.php ]
[ info ] [ DB ] INIT mysql
[ info ] [ VIEW ] /www/wwwroot/love.sustxyly.top/public/../application/index/view/index/about.html [ array (
  0 => 'data',
) ]
[ info ] [ LOG ] INIT File
[ sql ] [ DB ] CONNECT:[ UseTime:0.002076s ] mysql:host=39.106.190.222;dbname=love_sustxyly_t;charset=utf8
[ sql ] [ SQL ] SHOW COLUMNS FROM `love_options` [ RunTime:0.001676s ]
[ sql ] [ SQL ] SELECT * FROM `love_options` WHERE  `name` = 'icp' LIMIT 1 [ RunTime:0.001310s ]
[ sql ] [ SQL ] SELECT * FROM `love_options` WHERE  `name` = 'cnzz' LIMIT 1 [ RunTime:0.001237s ]
[ sql ] [ SQL ] SELECT * FROM `love_options` WHERE  `name` = 'name' LIMIT 1 [ RunTime:0.001263s ]
[ sql ] [ SQL ] SELECT * FROM `love_options` WHERE  `name` = 'title' LIMIT 1 [ RunTime:0.001238s ]
[ sql ] [ SQL ] SELECT * FROM `love_options` WHERE  `name` = 'keywords' LIMIT 1 [ RunTime:0.001242s ]
[ sql ] [ SQL ] SELECT * FROM `love_options` WHERE  `name` = 'description' LIMIT 1 [ RunTime:0.001226s ]
[ sql ] [ SQL ] SELECT * FROM `love_options` WHERE  `name` = 'page_about' LIMIT 1 [ RunTime:0.001164s ]
---------------------------------------------------------------
[ 2019-12-17T17:47:49+08:00 ] 42.236.10.93 GET love.sustxyly.top/index/index/openschool.html
[运行时间：0.017525s] [吞吐率：57.06req/s] [内存消耗：400.46kb] [文件加载：50]
[ info ] [ LANG ] /www/wwwroot/love.sustxyly.top/thinkphp/lang/zh-cn.php
[ info ] [ ROUTE ] array (
  'type' => 'module',
  'module' => 
  array (
    0 => 'index',
    1 => 'index',
    2 => 'openschool',
  ),
)
[ info ] [ HEADER ] array (
  'accept-encoding' => 'gzip, deflate',
  'referer' => 'http://baidu.com/',
  'accept' => 'text/html,application/xhtml+xml,application/xml;q=0.9,image/webp,image/apng,*/*;q=0.8',
  'user-agent' => 'Mozilla/5.0 (Linux; U; Android 8.1.0; zh-CN; EML-AL00 Build/HUAWEIEML-AL00) AppleWebKit/537.36 (KHTML, like Gecko) Version/4.0 Chrome/57.0.2987.108 baidu.sogo.uc.UCBrowser/11.9.4.974 UWS/2.13.1.48 Mobile Safari/537.36 AliApp(DingTalk/4.5.11) com.alibaba.android.rimet/10487439 Channel/227200 language/zh-CN',
  'upgrade-insecure-requests' => '1',
  'cache-control' => 'no-cache',
  'pragma' => 'no-cache',
  'connection' => 'keep-alive',
  'host' => 'love.sustxyly.top',
  'content-type' => '',
  'content-length' => '',
)
[ info ] [ PARAM ] array (
)
[ info ] [ RUN ] app\index\controller\Index->openSchool[ /www/wwwroot/love.sustxyly.top/application/index/controller/Index.php ]
[ info ] [ DB ] INIT mysql
[ info ] [ VIEW ] /www/wwwroot/love.sustxyly.top/public/../application/index/view/index/open.html [ array (
  0 => 'data',
) ]
[ info ] [ LOG ] INIT File
[ sql ] [ DB ] CONNECT:[ UseTime:0.001883s ] mysql:host=39.106.190.222;dbname=love_sustxyly_t;charset=utf8
[ sql ] [ SQL ] SHOW COLUMNS FROM `love_options` [ RunTime:0.001676s ]
[ sql ] [ SQL ] SELECT * FROM `love_options` WHERE  `name` = 'icp' LIMIT 1 [ RunTime:0.001328s ]
[ sql ] [ SQL ] SELECT * FROM `love_options` WHERE  `name` = 'cnzz' LIMIT 1 [ RunTime:0.001202s ]
[ sql ] [ SQL ] SELECT * FROM `love_options` WHERE  `name` = 'name' LIMIT 1 [ RunTime:0.001210s ]
[ sql ] [ SQL ] SELECT * FROM `love_options` WHERE  `name` = 'title' LIMIT 1 [ RunTime:0.001206s ]
[ sql ] [ SQL ] SELECT * FROM `love_options` WHERE  `name` = 'keywords' LIMIT 1 [ RunTime:0.001203s ]
[ sql ] [ SQL ] SELECT * FROM `love_options` WHERE  `name` = 'description' LIMIT 1 [ RunTime:0.001201s ]
[ sql ] [ SQL ] SELECT * FROM `love_options` WHERE  `name` = 'title' LIMIT 1 [ RunTime:0.001222s ]
---------------------------------------------------------------
[ 2019-12-17T17:47:54+08:00 ] 180.163.220.66 GET love.sustxyly.top/index/index/serachinfo.html
[运行时间：0.016885s] [吞吐率：59.22req/s] [内存消耗：399.06kb] [文件加载：50]
[ info ] [ LANG ] /www/wwwroot/love.sustxyly.top/thinkphp/lang/zh-cn.php
[ info ] [ ROUTE ] array (
  'type' => 'module',
  'module' => 
  array (
    0 => 'index',
    1 => 'index',
    2 => 'serachinfo',
  ),
)
[ info ] [ HEADER ] array (
  'accept-encoding' => 'gzip, deflate',
  'referer' => 'http://baidu.com/',
  'accept' => 'text/html,application/xhtml+xml,application/xml;q=0.9,image/webp,image/apng,*/*;q=0.8',
  'user-agent' => 'Mozilla/5.0 (Linux; U; Android 8.1.0; zh-CN; EML-AL00 Build/HUAWEIEML-AL00) AppleWebKit/537.36 (KHTML, like Gecko) Version/4.0 Chrome/57.0.2987.108 baidu.sogo.uc.UCBrowser/11.9.4.974 UWS/2.13.1.48 Mobile Safari/537.36 AliApp(DingTalk/4.5.11) com.alibaba.android.rimet/10487439 Channel/227200 language/zh-CN',
  'upgrade-insecure-requests' => '1',
  'cache-control' => 'no-cache',
  'pragma' => 'no-cache',
  'connection' => 'keep-alive',
  'host' => 'love.sustxyly.top',
  'content-type' => '',
  'content-length' => '',
)
[ info ] [ PARAM ] array (
)
[ info ] [ RUN ] app\index\controller\Index->serachInfo[ /www/wwwroot/love.sustxyly.top/application/index/controller/Index.php ]
[ info ] [ DB ] INIT mysql
[ info ] [ VIEW ] /www/wwwroot/love.sustxyly.top/public/../application/index/view/index/serachInfo.html [ array (
  0 => 'data',
) ]
[ info ] [ LOG ] INIT File
[ sql ] [ DB ] CONNECT:[ UseTime:0.001942s ] mysql:host=39.106.190.222;dbname=love_sustxyly_t;charset=utf8
[ sql ] [ SQL ] SHOW COLUMNS FROM `love_options` [ RunTime:0.001733s ]
[ sql ] [ SQL ] SELECT * FROM `love_options` WHERE  `name` = 'icp' LIMIT 1 [ RunTime:0.001345s ]
[ sql ] [ SQL ] SELECT * FROM `love_options` WHERE  `name` = 'cnzz' LIMIT 1 [ RunTime:0.001270s ]
[ sql ] [ SQL ] SELECT * FROM `love_options` WHERE  `name` = 'name' LIMIT 1 [ RunTime:0.001253s ]
[ sql ] [ SQL ] SELECT * FROM `love_options` WHERE  `name` = 'title' LIMIT 1 [ RunTime:0.001253s ]
[ sql ] [ SQL ] SELECT * FROM `love_options` WHERE  `name` = 'keywords' LIMIT 1 [ RunTime:0.001234s ]
[ sql ] [ SQL ] SELECT * FROM `love_options` WHERE  `name` = 'description' LIMIT 1 [ RunTime:0.001291s ]
---------------------------------------------------------------
[ 2019-12-17T19:03:42+08:00 ] 124.114.203.162 GET love.sustxyly.top/index/index/openschool.html
[运行时间：0.018575s] [吞吐率：53.84req/s] [内存消耗：400.09kb] [文件加载：50]
[ info ] [ LANG ] /www/wwwroot/love.sustxyly.top/thinkphp/lang/zh-cn.php
[ info ] [ ROUTE ] array (
  'type' => 'module',
  'module' => 
  array (
    0 => 'index',
    1 => 'index',
    2 => 'openschool',
  ),
)
[ info ] [ HEADER ] array (
  'cookie' => 'notice_id=0.86586100%2015622094685d1d6cbcd3647',
  'accept-language' => 'zh-CN,zh;q=0.9',
  'accept-encoding' => 'gzip, deflate',
  'referer' => 'http://love.sustxyly.top/',
  'accept' => 'text/html,application/xhtml+xml,application/xml;q=0.9,image/webp,image/apng,*/*;q=0.8,application/signed-exchange;v=b3',
  'user-agent' => 'Mozilla/5.0 (Windows NT 10.0; Win64; x64) AppleWebKit/537.36 (KHTML, like Gecko) Chrome/78.0.3904.108 Safari/537.36',
  'upgrade-insecure-requests' => '1',
  'connection' => 'keep-alive',
  'host' => 'love.sustxyly.top',
  'content-type' => '',
  'content-length' => '',
)
[ info ] [ PARAM ] array (
)
[ info ] [ RUN ] app\index\controller\Index->openSchool[ /www/wwwroot/love.sustxyly.top/application/index/controller/Index.php ]
[ info ] [ DB ] INIT mysql
[ info ] [ VIEW ] /www/wwwroot/love.sustxyly.top/public/../application/index/view/index/open.html [ array (
  0 => 'data',
) ]
[ info ] [ LOG ] INIT File
[ sql ] [ DB ] CONNECT:[ UseTime:0.001968s ] mysql:host=39.106.190.222;dbname=love_sustxyly_t;charset=utf8
[ sql ] [ SQL ] SHOW COLUMNS FROM `love_options` [ RunTime:0.001737s ]
[ sql ] [ SQL ] SELECT * FROM `love_options` WHERE  `name` = 'icp' LIMIT 1 [ RunTime:0.001526s ]
[ sql ] [ SQL ] SELECT * FROM `love_options` WHERE  `name` = 'cnzz' LIMIT 1 [ RunTime:0.001299s ]
[ sql ] [ SQL ] SELECT * FROM `love_options` WHERE  `name` = 'name' LIMIT 1 [ RunTime:0.001261s ]
[ sql ] [ SQL ] SELECT * FROM `love_options` WHERE  `name` = 'title' LIMIT 1 [ RunTime:0.001306s ]
[ sql ] [ SQL ] SELECT * FROM `love_options` WHERE  `name` = 'keywords' LIMIT 1 [ RunTime:0.001286s ]
[ sql ] [ SQL ] SELECT * FROM `love_options` WHERE  `name` = 'description' LIMIT 1 [ RunTime:0.001262s ]
[ sql ] [ SQL ] SELECT * FROM `love_options` WHERE  `name` = 'title' LIMIT 1 [ RunTime:0.001283s ]
---------------------------------------------------------------
[ 2019-12-17T19:03:43+08:00 ] 124.114.203.162 GET love.sustxyly.top/index/index/serachinfo.html
[运行时间：0.016817s] [吞吐率：59.46req/s] [内存消耗：398.69kb] [文件加载：50]
[ info ] [ LANG ] /www/wwwroot/love.sustxyly.top/thinkphp/lang/zh-cn.php
[ info ] [ ROUTE ] array (
  'type' => 'module',
  'module' => 
  array (
    0 => 'index',
    1 => 'index',
    2 => 'serachinfo',
  ),
)
[ info ] [ HEADER ] array (
  'cookie' => 'notice_id=0.86586100%2015622094685d1d6cbcd3647',
  'accept-language' => 'zh-CN,zh;q=0.9',
  'accept-encoding' => 'gzip, deflate',
  'referer' => 'http://love.sustxyly.top/index/index/openschool.html',
  'accept' => 'text/html,application/xhtml+xml,application/xml;q=0.9,image/webp,image/apng,*/*;q=0.8,application/signed-exchange;v=b3',
  'user-agent' => 'Mozilla/5.0 (Windows NT 10.0; Win64; x64) AppleWebKit/537.36 (KHTML, like Gecko) Chrome/78.0.3904.108 Safari/537.36',
  'upgrade-insecure-requests' => '1',
  'connection' => 'keep-alive',
  'host' => 'love.sustxyly.top',
  'content-type' => '',
  'content-length' => '',
)
[ info ] [ PARAM ] array (
)
[ info ] [ RUN ] app\index\controller\Index->serachInfo[ /www/wwwroot/love.sustxyly.top/application/index/controller/Index.php ]
[ info ] [ DB ] INIT mysql
[ info ] [ VIEW ] /www/wwwroot/love.sustxyly.top/public/../application/index/view/index/serachInfo.html [ array (
  0 => 'data',
) ]
[ info ] [ LOG ] INIT File
[ sql ] [ DB ] CONNECT:[ UseTime:0.002010s ] mysql:host=39.106.190.222;dbname=love_sustxyly_t;charset=utf8
[ sql ] [ SQL ] SHOW COLUMNS FROM `love_options` [ RunTime:0.001764s ]
[ sql ] [ SQL ] SELECT * FROM `love_options` WHERE  `name` = 'icp' LIMIT 1 [ RunTime:0.001350s ]
[ sql ] [ SQL ] SELECT * FROM `love_options` WHERE  `name` = 'cnzz' LIMIT 1 [ RunTime:0.001289s ]
[ sql ] [ SQL ] SELECT * FROM `love_options` WHERE  `name` = 'name' LIMIT 1 [ RunTime:0.001293s ]
[ sql ] [ SQL ] SELECT * FROM `love_options` WHERE  `name` = 'title' LIMIT 1 [ RunTime:0.001274s ]
[ sql ] [ SQL ] SELECT * FROM `love_options` WHERE  `name` = 'keywords' LIMIT 1 [ RunTime:0.001293s ]
[ sql ] [ SQL ] SELECT * FROM `love_options` WHERE  `name` = 'description' LIMIT 1 [ RunTime:0.001284s ]
---------------------------------------------------------------
[ 2019-12-17T19:03:44+08:00 ] 124.114.203.162 GET love.sustxyly.top/index/index/about.html
[运行时间：0.016979s] [吞吐率：58.90req/s] [内存消耗：399.33kb] [文件加载：49]
[ info ] [ LANG ] /www/wwwroot/love.sustxyly.top/thinkphp/lang/zh-cn.php
[ info ] [ ROUTE ] array (
  'type' => 'module',
  'module' => 
  array (
    0 => 'index',
    1 => 'index',
    2 => 'about',
  ),
)
[ info ] [ HEADER ] array (
  'cookie' => 'notice_id=0.86586100%2015622094685d1d6cbcd3647',
  'accept-language' => 'zh-CN,zh;q=0.9',
  'accept-encoding' => 'gzip, deflate',
  'referer' => 'http://love.sustxyly.top/index/index/serachinfo.html',
  'accept' => 'text/html,application/xhtml+xml,application/xml;q=0.9,image/webp,image/apng,*/*;q=0.8,application/signed-exchange;v=b3',
  'user-agent' => 'Mozilla/5.0 (Windows NT 10.0; Win64; x64) AppleWebKit/537.36 (KHTML, like Gecko) Chrome/78.0.3904.108 Safari/537.36',
  'upgrade-insecure-requests' => '1',
  'connection' => 'keep-alive',
  'host' => 'love.sustxyly.top',
  'content-type' => '',
  'content-length' => '',
)
[ info ] [ PARAM ] array (
)
[ info ] [ RUN ] app\index\controller\Index->about[ /www/wwwroot/love.sustxyly.top/application/index/controller/Index.php ]
[ info ] [ DB ] INIT mysql
[ info ] [ VIEW ] /www/wwwroot/love.sustxyly.top/public/../application/index/view/index/about.html [ array (
  0 => 'data',
) ]
[ info ] [ LOG ] INIT File
[ sql ] [ DB ] CONNECT:[ UseTime:0.001839s ] mysql:host=39.106.190.222;dbname=love_sustxyly_t;charset=utf8
[ sql ] [ SQL ] SHOW COLUMNS FROM `love_options` [ RunTime:0.001654s ]
[ sql ] [ SQL ] SELECT * FROM `love_options` WHERE  `name` = 'icp' LIMIT 1 [ RunTime:0.001234s ]
[ sql ] [ SQL ] SELECT * FROM `love_options` WHERE  `name` = 'cnzz' LIMIT 1 [ RunTime:0.001154s ]
[ sql ] [ SQL ] SELECT * FROM `love_options` WHERE  `name` = 'name' LIMIT 1 [ RunTime:0.001165s ]
[ sql ] [ SQL ] SELECT * FROM `love_options` WHERE  `name` = 'title' LIMIT 1 [ RunTime:0.001155s ]
[ sql ] [ SQL ] SELECT * FROM `love_options` WHERE  `name` = 'keywords' LIMIT 1 [ RunTime:0.001122s ]
[ sql ] [ SQL ] SELECT * FROM `love_options` WHERE  `name` = 'description' LIMIT 1 [ RunTime:0.001172s ]
[ sql ] [ SQL ] SELECT * FROM `love_options` WHERE  `name` = 'page_about' LIMIT 1 [ RunTime:0.001240s ]
---------------------------------------------------------------
[ 2019-12-17T19:03:45+08:00 ] 124.114.203.162 GET love.sustxyly.top/index/index/serachinfo.html
[运行时间：0.017225s] [吞吐率：58.06req/s] [内存消耗：398.69kb] [文件加载：50]
[ info ] [ LANG ] /www/wwwroot/love.sustxyly.top/thinkphp/lang/zh-cn.php
[ info ] [ ROUTE ] array (
  'type' => 'module',
  'module' => 
  array (
    0 => 'index',
    1 => 'index',
    2 => 'serachinfo',
  ),
)
[ info ] [ HEADER ] array (
  'cookie' => 'notice_id=0.86586100%2015622094685d1d6cbcd3647',
  'accept-language' => 'zh-CN,zh;q=0.9',
  'accept-encoding' => 'gzip, deflate',
  'referer' => 'http://love.sustxyly.top/index/index/about.html',
  'accept' => 'text/html,application/xhtml+xml,application/xml;q=0.9,image/webp,image/apng,*/*;q=0.8,application/signed-exchange;v=b3',
  'user-agent' => 'Mozilla/5.0 (Windows NT 10.0; Win64; x64) AppleWebKit/537.36 (KHTML, like Gecko) Chrome/78.0.3904.108 Safari/537.36',
  'upgrade-insecure-requests' => '1',
  'connection' => 'keep-alive',
  'host' => 'love.sustxyly.top',
  'content-type' => '',
  'content-length' => '',
)
[ info ] [ PARAM ] array (
)
[ info ] [ RUN ] app\index\controller\Index->serachInfo[ /www/wwwroot/love.sustxyly.top/application/index/controller/Index.php ]
[ info ] [ DB ] INIT mysql
[ info ] [ VIEW ] /www/wwwroot/love.sustxyly.top/public/../application/index/view/index/serachInfo.html [ array (
  0 => 'data',
) ]
[ info ] [ LOG ] INIT File
[ sql ] [ DB ] CONNECT:[ UseTime:0.002056s ] mysql:host=39.106.190.222;dbname=love_sustxyly_t;charset=utf8
[ sql ] [ SQL ] SHOW COLUMNS FROM `love_options` [ RunTime:0.001762s ]
[ sql ] [ SQL ] SELECT * FROM `love_options` WHERE  `name` = 'icp' LIMIT 1 [ RunTime:0.001365s ]
[ sql ] [ SQL ] SELECT * FROM `love_options` WHERE  `name` = 'cnzz' LIMIT 1 [ RunTime:0.001405s ]
[ sql ] [ SQL ] SELECT * FROM `love_options` WHERE  `name` = 'name' LIMIT 1 [ RunTime:0.001277s ]
[ sql ] [ SQL ] SELECT * FROM `love_options` WHERE  `name` = 'title' LIMIT 1 [ RunTime:0.001285s ]
[ sql ] [ SQL ] SELECT * FROM `love_options` WHERE  `name` = 'keywords' LIMIT 1 [ RunTime:0.001264s ]
[ sql ] [ SQL ] SELECT * FROM `love_options` WHERE  `name` = 'description' LIMIT 1 [ RunTime:0.001273s ]
---------------------------------------------------------------
[ 2019-12-17T19:03:46+08:00 ] 124.114.203.162 GET love.sustxyly.top/index/index/openschool.html
[运行时间：0.026736s] [吞吐率：37.40req/s] [内存消耗：400.09kb] [文件加载：50]
[ info ] [ LANG ] /www/wwwroot/love.sustxyly.top/thinkphp/lang/zh-cn.php
[ info ] [ ROUTE ] array (
  'type' => 'module',
  'module' => 
  array (
    0 => 'index',
    1 => 'index',
    2 => 'openschool',
  ),
)
[ info ] [ HEADER ] array (
  'cookie' => 'notice_id=0.86586100%2015622094685d1d6cbcd3647',
  'accept-language' => 'zh-CN,zh;q=0.9',
  'accept-encoding' => 'gzip, deflate',
  'referer' => 'http://love.sustxyly.top/index/index/serachinfo.html',
  'accept' => 'text/html,application/xhtml+xml,application/xml;q=0.9,image/webp,image/apng,*/*;q=0.8,application/signed-exchange;v=b3',
  'user-agent' => 'Mozilla/5.0 (Windows NT 10.0; Win64; x64) AppleWebKit/537.36 (KHTML, like Gecko) Chrome/78.0.3904.108 Safari/537.36',
  'upgrade-insecure-requests' => '1',
  'connection' => 'keep-alive',
  'host' => 'love.sustxyly.top',
  'content-type' => '',
  'content-length' => '',
)
[ info ] [ PARAM ] array (
)
[ info ] [ RUN ] app\index\controller\Index->openSchool[ /www/wwwroot/love.sustxyly.top/application/index/controller/Index.php ]
[ info ] [ DB ] INIT mysql
[ info ] [ VIEW ] /www/wwwroot/love.sustxyly.top/public/../application/index/view/index/open.html [ array (
  0 => 'data',
) ]
[ info ] [ LOG ] INIT File
[ sql ] [ DB ] CONNECT:[ UseTime:0.002418s ] mysql:host=39.106.190.222;dbname=love_sustxyly_t;charset=utf8
[ sql ] [ SQL ] SHOW COLUMNS FROM `love_options` [ RunTime:0.002087s ]
[ sql ] [ SQL ] SELECT * FROM `love_options` WHERE  `name` = 'icp' LIMIT 1 [ RunTime:0.006924s ]
[ sql ] [ SQL ] SELECT * FROM `love_options` WHERE  `name` = 'cnzz' LIMIT 1 [ RunTime:0.001637s ]
[ sql ] [ SQL ] SELECT * FROM `love_options` WHERE  `name` = 'name' LIMIT 1 [ RunTime:0.001678s ]
[ sql ] [ SQL ] SELECT * FROM `love_options` WHERE  `name` = 'title' LIMIT 1 [ RunTime:0.001586s ]
[ sql ] [ SQL ] SELECT * FROM `love_options` WHERE  `name` = 'keywords' LIMIT 1 [ RunTime:0.001587s ]
[ sql ] [ SQL ] SELECT * FROM `love_options` WHERE  `name` = 'description' LIMIT 1 [ RunTime:0.001700s ]
[ sql ] [ SQL ] SELECT * FROM `love_options` WHERE  `name` = 'title' LIMIT 1 [ RunTime:0.001531s ]
---------------------------------------------------------------
[ 2019-12-17T19:03:47+08:00 ] 124.114.203.162 GET love.sustxyly.top/
[运行时间：0.027629s] [吞吐率：36.19req/s] [内存消耗：415.55kb] [文件加载：53]
[ info ] [ LANG ] /www/wwwroot/love.sustxyly.top/thinkphp/lang/zh-cn.php
[ info ] [ ROUTE ] array (
  'type' => 'module',
  'module' => 
  array (
    0 => '',
    1 => NULL,
    2 => NULL,
  ),
)
[ info ] [ HEADER ] array (
  'cookie' => 'notice_id=0.86586100%2015622094685d1d6cbcd3647',
  'accept-language' => 'zh-CN,zh;q=0.9',
  'accept-encoding' => 'gzip, deflate',
  'referer' => 'http://love.sustxyly.top/index/index/openschool.html',
  'accept' => 'text/html,application/xhtml+xml,application/xml;q=0.9,image/webp,image/apng,*/*;q=0.8,application/signed-exchange;v=b3',
  'user-agent' => 'Mozilla/5.0 (Windows NT 10.0; Win64; x64) AppleWebKit/537.36 (KHTML, like Gecko) Chrome/78.0.3904.108 Safari/537.36',
  'upgrade-insecure-requests' => '1',
  'connection' => 'keep-alive',
  'host' => 'love.sustxyly.top',
  'content-type' => '',
  'content-length' => '',
)
[ info ] [ PARAM ] array (
)
[ info ] [ RUN ] app\index\controller\Index->index[ /www/wwwroot/love.sustxyly.top/application/index/controller/Index.php ]
[ info ] [ DB ] INIT mysql
[ info ] [ VIEW ] /www/wwwroot/love.sustxyly.top/public/../application/index/view/index/index.html [ array (
  0 => 'data',
  1 => 'indexContent',
  2 => 'page',
) ]
[ info ] [ LOG ] INIT File
[ sql ] [ DB ] CONNECT:[ UseTime:0.002466s ] mysql:host=39.106.190.222;dbname=love_sustxyly_t;charset=utf8
[ sql ] [ SQL ] SHOW COLUMNS FROM `love_options` [ RunTime:0.002054s ]
[ sql ] [ SQL ] SELECT * FROM `love_options` WHERE  `name` = 'icp' LIMIT 1 [ RunTime:0.001660s ]
[ sql ] [ SQL ] SELECT * FROM `love_options` WHERE  `name` = 'cnzz' LIMIT 1 [ RunTime:0.001594s ]
[ sql ] [ SQL ] SELECT * FROM `love_options` WHERE  `name` = 'name' LIMIT 1 [ RunTime:0.001603s ]
[ sql ] [ SQL ] SELECT * FROM `love_options` WHERE  `name` = 'title' LIMIT 1 [ RunTime:0.001669s ]
[ sql ] [ SQL ] SELECT * FROM `love_options` WHERE  `name` = 'keywords' LIMIT 1 [ RunTime:0.001604s ]
[ sql ] [ SQL ] SELECT * FROM `love_options` WHERE  `name` = 'description' LIMIT 1 [ RunTime:0.001608s ]
[ sql ] [ SQL ] SELECT * FROM `love_options` WHERE  `name` = 'title' LIMIT 1 [ RunTime:0.001610s ]
[ sql ] [ SQL ] SHOW COLUMNS FROM `love_website` [ RunTime:0.001984s ]
[ sql ] [ SQL ] SELECT COUNT(*) AS tp_count FROM `love_website` LIMIT 1 [ RunTime:0.001645s ]
[ sql ] [ SQL ] SELECT * FROM `love_website` LIMIT 0,9 [ RunTime:0.001630s ]
---------------------------------------------------------------
[ 2019-12-17T19:03:47+08:00 ] 124.114.203.162 POST love.sustxyly.top/index/index/getnotice.html
[运行时间：0.009166s] [吞吐率：109.10req/s] [内存消耗：389.68kb] [文件加载：47]
[ info ] [ LANG ] /www/wwwroot/love.sustxyly.top/thinkphp/lang/zh-cn.php
[ info ] [ ROUTE ] array (
  'type' => 'module',
  'module' => 
  array (
    0 => 'index',
    1 => 'index',
    2 => 'getnotice',
  ),
)
[ info ] [ HEADER ] array (
  'cookie' => 'notice_id=0.86586100%2015622094685d1d6cbcd3647',
  'accept-language' => 'zh-CN,zh;q=0.9',
  'accept-encoding' => 'gzip, deflate',
  'referer' => 'http://love.sustxyly.top/',
  'content-type' => 'application/x-www-form-urlencoded; charset=UTF-8',
  'user-agent' => 'Mozilla/5.0 (Windows NT 10.0; Win64; x64) AppleWebKit/537.36 (KHTML, like Gecko) Chrome/78.0.3904.108 Safari/537.36',
  'x-requested-with' => 'XMLHttpRequest',
  'origin' => 'http://love.sustxyly.top',
  'accept' => 'application/json, text/javascript, */*; q=0.01',
  'content-length' => '8',
  'connection' => 'keep-alive',
  'host' => 'love.sustxyly.top',
)
[ info ] [ PARAM ] array (
  'func' => 'get',
)
[ info ] [ RUN ] app\index\controller\Index->getNotice[ /www/wwwroot/love.sustxyly.top/application/index/controller/Index.php ]
[ info ] [ DB ] INIT mysql
[ info ] [ LOG ] INIT File
[ sql ] [ DB ] CONNECT:[ UseTime:0.002022s ] mysql:host=39.106.190.222;dbname=love_sustxyly_t;charset=utf8
[ sql ] [ SQL ] SHOW COLUMNS FROM `love_notice` [ RunTime:0.001705s ]
[ sql ] [ SQL ] SELECT * FROM `love_notice` ORDER BY `time` DESC LIMIT 1 [ RunTime:0.001372s ]
---------------------------------------------------------------
[ 2019-12-17T19:03:49+08:00 ] 124.114.203.162 GET love.sustxyly.top/index/index/openschool.html
[运行时间：0.018875s] [吞吐率：52.98req/s] [内存消耗：400.09kb] [文件加载：50]
[ info ] [ LANG ] /www/wwwroot/love.sustxyly.top/thinkphp/lang/zh-cn.php
[ info ] [ ROUTE ] array (
  'type' => 'module',
  'module' => 
  array (
    0 => 'index',
    1 => 'index',
    2 => 'openschool',
  ),
)
[ info ] [ HEADER ] array (
  'cookie' => 'notice_id=0.86586100%2015622094685d1d6cbcd3647',
  'accept-language' => 'zh-CN,zh;q=0.9',
  'accept-encoding' => 'gzip, deflate',
  'referer' => 'http://love.sustxyly.top/',
  'accept' => 'text/html,application/xhtml+xml,application/xml;q=0.9,image/webp,image/apng,*/*;q=0.8,application/signed-exchange;v=b3',
  'user-agent' => 'Mozilla/5.0 (Windows NT 10.0; Win64; x64) AppleWebKit/537.36 (KHTML, like Gecko) Chrome/78.0.3904.108 Safari/537.36',
  'upgrade-insecure-requests' => '1',
  'connection' => 'keep-alive',
  'host' => 'love.sustxyly.top',
  'content-type' => '',
  'content-length' => '',
)
[ info ] [ PARAM ] array (
)
[ info ] [ RUN ] app\index\controller\Index->openSchool[ /www/wwwroot/love.sustxyly.top/application/index/controller/Index.php ]
[ info ] [ DB ] INIT mysql
[ info ] [ VIEW ] /www/wwwroot/love.sustxyly.top/public/../application/index/view/index/open.html [ array (
  0 => 'data',
) ]
[ info ] [ LOG ] INIT File
[ sql ] [ DB ] CONNECT:[ UseTime:0.002108s ] mysql:host=39.106.190.222;dbname=love_sustxyly_t;charset=utf8
[ sql ] [ SQL ] SHOW COLUMNS FROM `love_options` [ RunTime:0.001788s ]
[ sql ] [ SQL ] SELECT * FROM `love_options` WHERE  `name` = 'icp' LIMIT 1 [ RunTime:0.001391s ]
[ sql ] [ SQL ] SELECT * FROM `love_options` WHERE  `name` = 'cnzz' LIMIT 1 [ RunTime:0.001326s ]
[ sql ] [ SQL ] SELECT * FROM `love_options` WHERE  `name` = 'name' LIMIT 1 [ RunTime:0.001348s ]
[ sql ] [ SQL ] SELECT * FROM `love_options` WHERE  `name` = 'title' LIMIT 1 [ RunTime:0.001407s ]
[ sql ] [ SQL ] SELECT * FROM `love_options` WHERE  `name` = 'keywords' LIMIT 1 [ RunTime:0.001321s ]
[ sql ] [ SQL ] SELECT * FROM `love_options` WHERE  `name` = 'description' LIMIT 1 [ RunTime:0.001325s ]
[ sql ] [ SQL ] SELECT * FROM `love_options` WHERE  `name` = 'title' LIMIT 1 [ RunTime:0.001316s ]
---------------------------------------------------------------
[ 2019-12-17T19:03:50+08:00 ] 124.114.203.162 GET love.sustxyly.top/index/index/serachinfo.html
[运行时间：0.023484s] [吞吐率：42.58req/s] [内存消耗：398.69kb] [文件加载：50]
[ info ] [ LANG ] /www/wwwroot/love.sustxyly.top/thinkphp/lang/zh-cn.php
[ info ] [ ROUTE ] array (
  'type' => 'module',
  'module' => 
  array (
    0 => 'index',
    1 => 'index',
    2 => 'serachinfo',
  ),
)
[ info ] [ HEADER ] array (
  'cookie' => 'notice_id=0.86586100%2015622094685d1d6cbcd3647',
  'accept-language' => 'zh-CN,zh;q=0.9',
  'accept-encoding' => 'gzip, deflate',
  'referer' => 'http://love.sustxyly.top/index/index/openschool.html',
  'accept' => 'text/html,application/xhtml+xml,application/xml;q=0.9,image/webp,image/apng,*/*;q=0.8,application/signed-exchange;v=b3',
  'user-agent' => 'Mozilla/5.0 (Windows NT 10.0; Win64; x64) AppleWebKit/537.36 (KHTML, like Gecko) Chrome/78.0.3904.108 Safari/537.36',
  'upgrade-insecure-requests' => '1',
  'connection' => 'keep-alive',
  'host' => 'love.sustxyly.top',
  'content-type' => '',
  'content-length' => '',
)
[ info ] [ PARAM ] array (
)
[ info ] [ RUN ] app\index\controller\Index->serachInfo[ /www/wwwroot/love.sustxyly.top/application/index/controller/Index.php ]
[ info ] [ DB ] INIT mysql
[ info ] [ VIEW ] /www/wwwroot/love.sustxyly.top/public/../application/index/view/index/serachInfo.html [ array (
  0 => 'data',
) ]
[ info ] [ LOG ] INIT File
[ sql ] [ DB ] CONNECT:[ UseTime:0.002418s ] mysql:host=39.106.190.222;dbname=love_sustxyly_t;charset=utf8
[ sql ] [ SQL ] SHOW COLUMNS FROM `love_options` [ RunTime:0.005830s ]
[ sql ] [ SQL ] SELECT * FROM `love_options` WHERE  `name` = 'icp' LIMIT 1 [ RunTime:0.001608s ]
[ sql ] [ SQL ] SELECT * FROM `love_options` WHERE  `name` = 'cnzz' LIMIT 1 [ RunTime:0.001560s ]
[ sql ] [ SQL ] SELECT * FROM `love_options` WHERE  `name` = 'name' LIMIT 1 [ RunTime:0.001587s ]
[ sql ] [ SQL ] SELECT * FROM `love_options` WHERE  `name` = 'title' LIMIT 1 [ RunTime:0.001555s ]
[ sql ] [ SQL ] SELECT * FROM `love_options` WHERE  `name` = 'keywords' LIMIT 1 [ RunTime:0.001556s ]
[ sql ] [ SQL ] SELECT * FROM `love_options` WHERE  `name` = 'description' LIMIT 1 [ RunTime:0.001511s ]
---------------------------------------------------------------
[ 2019-12-17T19:03:51+08:00 ] 124.114.203.162 GET love.sustxyly.top/index/index/about.html
[运行时间：0.020985s] [吞吐率：47.65req/s] [内存消耗：399.33kb] [文件加载：49]
[ info ] [ LANG ] /www/wwwroot/love.sustxyly.top/thinkphp/lang/zh-cn.php
[ info ] [ ROUTE ] array (
  'type' => 'module',
  'module' => 
  array (
    0 => 'index',
    1 => 'index',
    2 => 'about',
  ),
)
[ info ] [ HEADER ] array (
  'cookie' => 'notice_id=0.86586100%2015622094685d1d6cbcd3647',
  'accept-language' => 'zh-CN,zh;q=0.9',
  'accept-encoding' => 'gzip, deflate',
  'referer' => 'http://love.sustxyly.top/index/index/serachinfo.html',
  'accept' => 'text/html,application/xhtml+xml,application/xml;q=0.9,image/webp,image/apng,*/*;q=0.8,application/signed-exchange;v=b3',
  'user-agent' => 'Mozilla/5.0 (Windows NT 10.0; Win64; x64) AppleWebKit/537.36 (KHTML, like Gecko) Chrome/78.0.3904.108 Safari/537.36',
  'upgrade-insecure-requests' => '1',
  'connection' => 'keep-alive',
  'host' => 'love.sustxyly.top',
  'content-type' => '',
  'content-length' => '',
)
[ info ] [ PARAM ] array (
)
[ info ] [ RUN ] app\index\controller\Index->about[ /www/wwwroot/love.sustxyly.top/application/index/controller/Index.php ]
[ info ] [ DB ] INIT mysql
[ info ] [ VIEW ] /www/wwwroot/love.sustxyly.top/public/../application/index/view/index/about.html [ array (
  0 => 'data',
) ]
[ info ] [ LOG ] INIT File
[ sql ] [ DB ] CONNECT:[ UseTime:0.002434s ] mysql:host=39.106.190.222;dbname=love_sustxyly_t;charset=utf8
[ sql ] [ SQL ] SHOW COLUMNS FROM `love_options` [ RunTime:0.002037s ]
[ sql ] [ SQL ] SELECT * FROM `love_options` WHERE  `name` = 'icp' LIMIT 1 [ RunTime:0.001611s ]
[ sql ] [ SQL ] SELECT * FROM `love_options` WHERE  `name` = 'cnzz' LIMIT 1 [ RunTime:0.001576s ]
[ sql ] [ SQL ] SELECT * FROM `love_options` WHERE  `name` = 'name' LIMIT 1 [ RunTime:0.001565s ]
[ sql ] [ SQL ] SELECT * FROM `love_options` WHERE  `name` = 'title' LIMIT 1 [ RunTime:0.001602s ]
[ sql ] [ SQL ] SELECT * FROM `love_options` WHERE  `name` = 'keywords' LIMIT 1 [ RunTime:0.001519s ]
[ sql ] [ SQL ] SELECT * FROM `love_options` WHERE  `name` = 'description' LIMIT 1 [ RunTime:0.001513s ]
[ sql ] [ SQL ] SELECT * FROM `love_options` WHERE  `name` = 'page_about' LIMIT 1 [ RunTime:0.001646s ]
---------------------------------------------------------------
[ 2019-12-17T19:03:51+08:00 ] 124.114.203.162 GET love.sustxyly.top/index/index/openschool.html
[运行时间：0.021191s] [吞吐率：47.19req/s] [内存消耗：400.09kb] [文件加载：50]
[ info ] [ LANG ] /www/wwwroot/love.sustxyly.top/thinkphp/lang/zh-cn.php
[ info ] [ ROUTE ] array (
  'type' => 'module',
  'module' => 
  array (
    0 => 'index',
    1 => 'index',
    2 => 'openschool',
  ),
)
[ info ] [ HEADER ] array (
  'cookie' => 'notice_id=0.86586100%2015622094685d1d6cbcd3647',
  'accept-language' => 'zh-CN,zh;q=0.9',
  'accept-encoding' => 'gzip, deflate',
  'referer' => 'http://love.sustxyly.top/index/index/about.html',
  'accept' => 'text/html,application/xhtml+xml,application/xml;q=0.9,image/webp,image/apng,*/*;q=0.8,application/signed-exchange;v=b3',
  'user-agent' => 'Mozilla/5.0 (Windows NT 10.0; Win64; x64) AppleWebKit/537.36 (KHTML, like Gecko) Chrome/78.0.3904.108 Safari/537.36',
  'upgrade-insecure-requests' => '1',
  'connection' => 'keep-alive',
  'host' => 'love.sustxyly.top',
  'content-type' => '',
  'content-length' => '',
)
[ info ] [ PARAM ] array (
)
[ info ] [ RUN ] app\index\controller\Index->openSchool[ /www/wwwroot/love.sustxyly.top/application/index/controller/Index.php ]
[ info ] [ DB ] INIT mysql
[ info ] [ VIEW ] /www/wwwroot/love.sustxyly.top/public/../application/index/view/index/open.html [ array (
  0 => 'data',
) ]
[ info ] [ LOG ] INIT File
[ sql ] [ DB ] CONNECT:[ UseTime:0.002464s ] mysql:host=39.106.190.222;dbname=love_sustxyly_t;charset=utf8
[ sql ] [ SQL ] SHOW COLUMNS FROM `love_options` [ RunTime:0.002045s ]
[ sql ] [ SQL ] SELECT * FROM `love_options` WHERE  `name` = 'icp' LIMIT 1 [ RunTime:0.001665s ]
[ sql ] [ SQL ] SELECT * FROM `love_options` WHERE  `name` = 'cnzz' LIMIT 1 [ RunTime:0.001587s ]
[ sql ] [ SQL ] SELECT * FROM `love_options` WHERE  `name` = 'name' LIMIT 1 [ RunTime:0.001678s ]
[ sql ] [ SQL ] SELECT * FROM `love_options` WHERE  `name` = 'title' LIMIT 1 [ RunTime:0.001585s ]
[ sql ] [ SQL ] SELECT * FROM `love_options` WHERE  `name` = 'keywords' LIMIT 1 [ RunTime:0.001608s ]
[ sql ] [ SQL ] SELECT * FROM `love_options` WHERE  `name` = 'description' LIMIT 1 [ RunTime:0.001580s ]
[ sql ] [ SQL ] SELECT * FROM `love_options` WHERE  `name` = 'title' LIMIT 1 [ RunTime:0.001589s ]
---------------------------------------------------------------
[ 2019-12-17T19:03:52+08:00 ] 124.114.203.162 GET love.sustxyly.top/
[运行时间：0.028145s] [吞吐率：35.53req/s] [内存消耗：415.55kb] [文件加载：53]
[ info ] [ LANG ] /www/wwwroot/love.sustxyly.top/thinkphp/lang/zh-cn.php
[ info ] [ ROUTE ] array (
  'type' => 'module',
  'module' => 
  array (
    0 => '',
    1 => NULL,
    2 => NULL,
  ),
)
[ info ] [ HEADER ] array (
  'cookie' => 'notice_id=0.86586100%2015622094685d1d6cbcd3647',
  'accept-language' => 'zh-CN,zh;q=0.9',
  'accept-encoding' => 'gzip, deflate',
  'referer' => 'http://love.sustxyly.top/index/index/openschool.html',
  'accept' => 'text/html,application/xhtml+xml,application/xml;q=0.9,image/webp,image/apng,*/*;q=0.8,application/signed-exchange;v=b3',
  'user-agent' => 'Mozilla/5.0 (Windows NT 10.0; Win64; x64) AppleWebKit/537.36 (KHTML, like Gecko) Chrome/78.0.3904.108 Safari/537.36',
  'upgrade-insecure-requests' => '1',
  'connection' => 'keep-alive',
  'host' => 'love.sustxyly.top',
  'content-type' => '',
  'content-length' => '',
)
[ info ] [ PARAM ] array (
)
[ info ] [ RUN ] app\index\controller\Index->index[ /www/wwwroot/love.sustxyly.top/application/index/controller/Index.php ]
[ info ] [ DB ] INIT mysql
[ info ] [ VIEW ] /www/wwwroot/love.sustxyly.top/public/../application/index/view/index/index.html [ array (
  0 => 'data',
  1 => 'indexContent',
  2 => 'page',
) ]
[ info ] [ LOG ] INIT File
[ sql ] [ DB ] CONNECT:[ UseTime:0.002564s ] mysql:host=39.106.190.222;dbname=love_sustxyly_t;charset=utf8
[ sql ] [ SQL ] SHOW COLUMNS FROM `love_options` [ RunTime:0.002101s ]
[ sql ] [ SQL ] SELECT * FROM `love_options` WHERE  `name` = 'icp' LIMIT 1 [ RunTime:0.001805s ]
[ sql ] [ SQL ] SELECT * FROM `love_options` WHERE  `name` = 'cnzz' LIMIT 1 [ RunTime:0.001689s ]
[ sql ] [ SQL ] SELECT * FROM `love_options` WHERE  `name` = 'name' LIMIT 1 [ RunTime:0.001727s ]
[ sql ] [ SQL ] SELECT * FROM `love_options` WHERE  `name` = 'title' LIMIT 1 [ RunTime:0.001690s ]
[ sql ] [ SQL ] SELECT * FROM `love_options` WHERE  `name` = 'keywords' LIMIT 1 [ RunTime:0.001672s ]
[ sql ] [ SQL ] SELECT * FROM `love_options` WHERE  `name` = 'description' LIMIT 1 [ RunTime:0.001693s ]
[ sql ] [ SQL ] SELECT * FROM `love_options` WHERE  `name` = 'title' LIMIT 1 [ RunTime:0.001698s ]
[ sql ] [ SQL ] SHOW COLUMNS FROM `love_website` [ RunTime:0.002098s ]
[ sql ] [ SQL ] SELECT COUNT(*) AS tp_count FROM `love_website` LIMIT 1 [ RunTime:0.001688s ]
[ sql ] [ SQL ] SELECT * FROM `love_website` LIMIT 0,9 [ RunTime:0.001699s ]
---------------------------------------------------------------
[ 2019-12-17T19:03:52+08:00 ] 124.114.203.162 POST love.sustxyly.top/index/index/getnotice.html
[运行时间：0.010181s] [吞吐率：98.22req/s] [内存消耗：389.68kb] [文件加载：47]
[ info ] [ LANG ] /www/wwwroot/love.sustxyly.top/thinkphp/lang/zh-cn.php
[ info ] [ ROUTE ] array (
  'type' => 'module',
  'module' => 
  array (
    0 => 'index',
    1 => 'index',
    2 => 'getnotice',
  ),
)
[ info ] [ HEADER ] array (
  'cookie' => 'notice_id=0.86586100%2015622094685d1d6cbcd3647',
  'accept-language' => 'zh-CN,zh;q=0.9',
  'accept-encoding' => 'gzip, deflate',
  'referer' => 'http://love.sustxyly.top/',
  'content-type' => 'application/x-www-form-urlencoded; charset=UTF-8',
  'user-agent' => 'Mozilla/5.0 (Windows NT 10.0; Win64; x64) AppleWebKit/537.36 (KHTML, like Gecko) Chrome/78.0.3904.108 Safari/537.36',
  'x-requested-with' => 'XMLHttpRequest',
  'origin' => 'http://love.sustxyly.top',
  'accept' => 'application/json, text/javascript, */*; q=0.01',
  'content-length' => '8',
  'connection' => 'keep-alive',
  'host' => 'love.sustxyly.top',
)
[ info ] [ PARAM ] array (
  'func' => 'get',
)
[ info ] [ RUN ] app\index\controller\Index->getNotice[ /www/wwwroot/love.sustxyly.top/application/index/controller/Index.php ]
[ info ] [ DB ] INIT mysql
[ info ] [ LOG ] INIT File
[ sql ] [ DB ] CONNECT:[ UseTime:0.002480s ] mysql:host=39.106.190.222;dbname=love_sustxyly_t;charset=utf8
[ sql ] [ SQL ] SHOW COLUMNS FROM `love_notice` [ RunTime:0.002040s ]
[ sql ] [ SQL ] SELECT * FROM `love_notice` ORDER BY `time` DESC LIMIT 1 [ RunTime:0.001663s ]
---------------------------------------------------------------
[ 2019-12-17T19:04:55+08:00 ] 124.114.203.162 GET love.sustxyly.top/index/index/openschool.html
[运行时间：0.022719s] [吞吐率：44.02req/s] [内存消耗：400.09kb] [文件加载：50]
[ info ] [ LANG ] /www/wwwroot/love.sustxyly.top/thinkphp/lang/zh-cn.php
[ info ] [ ROUTE ] array (
  'type' => 'module',
  'module' => 
  array (
    0 => 'index',
    1 => 'index',
    2 => 'openschool',
  ),
)
[ info ] [ HEADER ] array (
  'cookie' => 'notice_id=0.86586100%2015622094685d1d6cbcd3647',
  'accept-language' => 'zh-CN,zh;q=0.9',
  'accept-encoding' => 'gzip, deflate',
  'referer' => 'http://love.sustxyly.top/',
  'accept' => 'text/html,application/xhtml+xml,application/xml;q=0.9,image/webp,image/apng,*/*;q=0.8,application/signed-exchange;v=b3',
  'user-agent' => 'Mozilla/5.0 (Linux; Android 6.0; Nexus 5 Build/MRA58N) AppleWebKit/537.36 (KHTML, like Gecko) Chrome/78.0.3904.108 Mobile Safari/537.36',
  'upgrade-insecure-requests' => '1',
  'connection' => 'keep-alive',
  'host' => 'love.sustxyly.top',
  'content-type' => '',
  'content-length' => '',
)
[ info ] [ PARAM ] array (
)
[ info ] [ RUN ] app\index\controller\Index->openSchool[ /www/wwwroot/love.sustxyly.top/application/index/controller/Index.php ]
[ info ] [ DB ] INIT mysql
[ info ] [ VIEW ] /www/wwwroot/love.sustxyly.top/public/../application/index/view/index/open.html [ array (
  0 => 'data',
) ]
[ info ] [ LOG ] INIT File
[ sql ] [ DB ] CONNECT:[ UseTime:0.005484s ] mysql:host=39.106.190.222;dbname=love_sustxyly_t;charset=utf8
[ sql ] [ SQL ] SHOW COLUMNS FROM `love_options` [ RunTime:0.001916s ]
[ sql ] [ SQL ] SELECT * FROM `love_options` WHERE  `name` = 'icp' LIMIT 1 [ RunTime:0.001338s ]
[ sql ] [ SQL ] SELECT * FROM `love_options` WHERE  `name` = 'cnzz' LIMIT 1 [ RunTime:0.001485s ]
[ sql ] [ SQL ] SELECT * FROM `love_options` WHERE  `name` = 'name' LIMIT 1 [ RunTime:0.001314s ]
[ sql ] [ SQL ] SELECT * FROM `love_options` WHERE  `name` = 'title' LIMIT 1 [ RunTime:0.001260s ]
[ sql ] [ SQL ] SELECT * FROM `love_options` WHERE  `name` = 'keywords' LIMIT 1 [ RunTime:0.001253s ]
[ sql ] [ SQL ] SELECT * FROM `love_options` WHERE  `name` = 'description' LIMIT 1 [ RunTime:0.001244s ]
[ sql ] [ SQL ] SELECT * FROM `love_options` WHERE  `name` = 'title' LIMIT 1 [ RunTime:0.001294s ]
---------------------------------------------------------------
[ 2019-12-17T19:04:57+08:00 ] 124.114.203.162 GET love.sustxyly.top/
[运行时间：0.023468s] [吞吐率：42.61req/s] [内存消耗：415.80kb] [文件加载：53]
[ info ] [ LANG ] /www/wwwroot/love.sustxyly.top/thinkphp/lang/zh-cn.php
[ info ] [ ROUTE ] array (
  'type' => 'module',
  'module' => 
  array (
    0 => '',
    1 => NULL,
    2 => NULL,
  ),
)
[ info ] [ HEADER ] array (
  'cookie' => 'notice_id=0.86586100%2015622094685d1d6cbcd3647',
  'accept-language' => 'zh-CN,zh;q=0.9',
  'accept-encoding' => 'gzip, deflate',
  'referer' => 'http://love.sustxyly.top/index/index/openschool.html',
  'accept' => 'text/html,application/xhtml+xml,application/xml;q=0.9,image/webp,image/apng,*/*;q=0.8,application/signed-exchange;v=b3',
  'user-agent' => 'Mozilla/5.0 (Linux; Android 6.0; Nexus 5 Build/MRA58N) AppleWebKit/537.36 (KHTML, like Gecko) Chrome/78.0.3904.108 Mobile Safari/537.36',
  'upgrade-insecure-requests' => '1',
  'connection' => 'keep-alive',
  'host' => 'love.sustxyly.top',
  'content-type' => '',
  'content-length' => '',
)
[ info ] [ PARAM ] array (
)
[ info ] [ RUN ] app\index\controller\Index->index[ /www/wwwroot/love.sustxyly.top/application/index/controller/Index.php ]
[ info ] [ DB ] INIT mysql
[ info ] [ VIEW ] /www/wwwroot/love.sustxyly.top/public/../application/index/view/index/index.html [ array (
  0 => 'data',
  1 => 'indexContent',
  2 => 'page',
) ]
[ info ] [ LOG ] INIT File
[ sql ] [ DB ] CONNECT:[ UseTime:0.002096s ] mysql:host=39.106.190.222;dbname=love_sustxyly_t;charset=utf8
[ sql ] [ SQL ] SHOW COLUMNS FROM `love_options` [ RunTime:0.001811s ]
[ sql ] [ SQL ] SELECT * FROM `love_options` WHERE  `name` = 'icp' LIMIT 1 [ RunTime:0.001386s ]
[ sql ] [ SQL ] SELECT * FROM `love_options` WHERE  `name` = 'cnzz' LIMIT 1 [ RunTime:0.001345s ]
[ sql ] [ SQL ] SELECT * FROM `love_options` WHERE  `name` = 'name' LIMIT 1 [ RunTime:0.001312s ]
[ sql ] [ SQL ] SELECT * FROM `love_options` WHERE  `name` = 'title' LIMIT 1 [ RunTime:0.001331s ]
[ sql ] [ SQL ] SELECT * FROM `love_options` WHERE  `name` = 'keywords' LIMIT 1 [ RunTime:0.001314s ]
[ sql ] [ SQL ] SELECT * FROM `love_options` WHERE  `name` = 'description' LIMIT 1 [ RunTime:0.001303s ]
[ sql ] [ SQL ] SELECT * FROM `love_options` WHERE  `name` = 'title' LIMIT 1 [ RunTime:0.001347s ]
[ sql ] [ SQL ] SHOW COLUMNS FROM `love_website` [ RunTime:0.001693s ]
[ sql ] [ SQL ] SELECT COUNT(*) AS tp_count FROM `love_website` LIMIT 1 [ RunTime:0.001300s ]
[ sql ] [ SQL ] SELECT * FROM `love_website` LIMIT 0,9 [ RunTime:0.001331s ]
---------------------------------------------------------------
[ 2019-12-17T19:04:58+08:00 ] 124.114.203.162 POST love.sustxyly.top/index/index/getnotice.html
[运行时间：0.009449s] [吞吐率：105.83req/s] [内存消耗：389.68kb] [文件加载：47]
[ info ] [ LANG ] /www/wwwroot/love.sustxyly.top/thinkphp/lang/zh-cn.php
[ info ] [ ROUTE ] array (
  'type' => 'module',
  'module' => 
  array (
    0 => 'index',
    1 => 'index',
    2 => 'getnotice',
  ),
)
[ info ] [ HEADER ] array (
  'cookie' => 'notice_id=0.86586100%2015622094685d1d6cbcd3647',
  'accept-language' => 'zh-CN,zh;q=0.9',
  'accept-encoding' => 'gzip, deflate',
  'referer' => 'http://love.sustxyly.top/',
  'content-type' => 'application/x-www-form-urlencoded; charset=UTF-8',
  'user-agent' => 'Mozilla/5.0 (Linux; Android 6.0; Nexus 5 Build/MRA58N) AppleWebKit/537.36 (KHTML, like Gecko) Chrome/78.0.3904.108 Mobile Safari/537.36',
  'x-requested-with' => 'XMLHttpRequest',
  'origin' => 'http://love.sustxyly.top',
  'accept' => 'application/json, text/javascript, */*; q=0.01',
  'content-length' => '8',
  'connection' => 'keep-alive',
  'host' => 'love.sustxyly.top',
)
[ info ] [ PARAM ] array (
  'func' => 'get',
)
[ info ] [ RUN ] app\index\controller\Index->getNotice[ /www/wwwroot/love.sustxyly.top/application/index/controller/Index.php ]
[ info ] [ DB ] INIT mysql
[ info ] [ LOG ] INIT File
[ sql ] [ DB ] CONNECT:[ UseTime:0.002023s ] mysql:host=39.106.190.222;dbname=love_sustxyly_t;charset=utf8
[ sql ] [ SQL ] SHOW COLUMNS FROM `love_notice` [ RunTime:0.001771s ]
[ sql ] [ SQL ] SELECT * FROM `love_notice` ORDER BY `time` DESC LIMIT 1 [ RunTime:0.001316s ]
---------------------------------------------------------------
[ 2019-12-17T19:04:59+08:00 ] 124.114.203.162 GET love.sustxyly.top/index/index/serachinfo.html
[运行时间：0.017067s] [吞吐率：58.59req/s] [内存消耗：398.69kb] [文件加载：50]
[ info ] [ LANG ] /www/wwwroot/love.sustxyly.top/thinkphp/lang/zh-cn.php
[ info ] [ ROUTE ] array (
  'type' => 'module',
  'module' => 
  array (
    0 => 'index',
    1 => 'index',
    2 => 'serachinfo',
  ),
)
[ info ] [ HEADER ] array (
  'cookie' => 'notice_id=0.86586100%2015622094685d1d6cbcd3647',
  'accept-language' => 'zh-CN,zh;q=0.9',
  'accept-encoding' => 'gzip, deflate',
  'referer' => 'http://love.sustxyly.top/',
  'accept' => 'text/html,application/xhtml+xml,application/xml;q=0.9,image/webp,image/apng,*/*;q=0.8,application/signed-exchange;v=b3',
  'user-agent' => 'Mozilla/5.0 (Linux; Android 6.0; Nexus 5 Build/MRA58N) AppleWebKit/537.36 (KHTML, like Gecko) Chrome/78.0.3904.108 Mobile Safari/537.36',
  'upgrade-insecure-requests' => '1',
  'connection' => 'keep-alive',
  'host' => 'love.sustxyly.top',
  'content-type' => '',
  'content-length' => '',
)
[ info ] [ PARAM ] array (
)
[ info ] [ RUN ] app\index\controller\Index->serachInfo[ /www/wwwroot/love.sustxyly.top/application/index/controller/Index.php ]
[ info ] [ DB ] INIT mysql
[ info ] [ VIEW ] /www/wwwroot/love.sustxyly.top/public/../application/index/view/index/serachInfo.html [ array (
  0 => 'data',
) ]
[ info ] [ LOG ] INIT File
[ sql ] [ DB ] CONNECT:[ UseTime:0.001932s ] mysql:host=39.106.190.222;dbname=love_sustxyly_t;charset=utf8
[ sql ] [ SQL ] SHOW COLUMNS FROM `love_options` [ RunTime:0.001777s ]
[ sql ] [ SQL ] SELECT * FROM `love_options` WHERE  `name` = 'icp' LIMIT 1 [ RunTime:0.001420s ]
[ sql ] [ SQL ] SELECT * FROM `love_options` WHERE  `name` = 'cnzz' LIMIT 1 [ RunTime:0.001275s ]
[ sql ] [ SQL ] SELECT * FROM `love_options` WHERE  `name` = 'name' LIMIT 1 [ RunTime:0.001230s ]
[ sql ] [ SQL ] SELECT * FROM `love_options` WHERE  `name` = 'title' LIMIT 1 [ RunTime:0.001252s ]
[ sql ] [ SQL ] SELECT * FROM `love_options` WHERE  `name` = 'keywords' LIMIT 1 [ RunTime:0.001208s ]
[ sql ] [ SQL ] SELECT * FROM `love_options` WHERE  `name` = 'description' LIMIT 1 [ RunTime:0.001241s ]
---------------------------------------------------------------
[ 2019-12-17T19:05:00+08:00 ] 124.114.203.162 GET love.sustxyly.top/index/index/openschool.html
[运行时间：0.018785s] [吞吐率：53.23req/s] [内存消耗：400.09kb] [文件加载：50]
[ info ] [ LANG ] /www/wwwroot/love.sustxyly.top/thinkphp/lang/zh-cn.php
[ info ] [ ROUTE ] array (
  'type' => 'module',
  'module' => 
  array (
    0 => 'index',
    1 => 'index',
    2 => 'openschool',
  ),
)
[ info ] [ HEADER ] array (
  'cookie' => 'notice_id=0.86586100%2015622094685d1d6cbcd3647',
  'accept-language' => 'zh-CN,zh;q=0.9',
  'accept-encoding' => 'gzip, deflate',
  'referer' => 'http://love.sustxyly.top/index/index/serachinfo.html',
  'accept' => 'text/html,application/xhtml+xml,application/xml;q=0.9,image/webp,image/apng,*/*;q=0.8,application/signed-exchange;v=b3',
  'user-agent' => 'Mozilla/5.0 (Linux; Android 6.0; Nexus 5 Build/MRA58N) AppleWebKit/537.36 (KHTML, like Gecko) Chrome/78.0.3904.108 Mobile Safari/537.36',
  'upgrade-insecure-requests' => '1',
  'connection' => 'keep-alive',
  'host' => 'love.sustxyly.top',
  'content-type' => '',
  'content-length' => '',
)
[ info ] [ PARAM ] array (
)
[ info ] [ RUN ] app\index\controller\Index->openSchool[ /www/wwwroot/love.sustxyly.top/application/index/controller/Index.php ]
[ info ] [ DB ] INIT mysql
[ info ] [ VIEW ] /www/wwwroot/love.sustxyly.top/public/../application/index/view/index/open.html [ array (
  0 => 'data',
) ]
[ info ] [ LOG ] INIT File
[ sql ] [ DB ] CONNECT:[ UseTime:0.002006s ] mysql:host=39.106.190.222;dbname=love_sustxyly_t;charset=utf8
[ sql ] [ SQL ] SHOW COLUMNS FROM `love_options` [ RunTime:0.001770s ]
[ sql ] [ SQL ] SELECT * FROM `love_options` WHERE  `name` = 'icp' LIMIT 1 [ RunTime:0.001335s ]
[ sql ] [ SQL ] SELECT * FROM `love_options` WHERE  `name` = 'cnzz' LIMIT 1 [ RunTime:0.001317s ]
[ sql ] [ SQL ] SELECT * FROM `love_options` WHERE  `name` = 'name' LIMIT 1 [ RunTime:0.001450s ]
[ sql ] [ SQL ] SELECT * FROM `love_options` WHERE  `name` = 'title' LIMIT 1 [ RunTime:0.001263s ]
[ sql ] [ SQL ] SELECT * FROM `love_options` WHERE  `name` = 'keywords' LIMIT 1 [ RunTime:0.001267s ]
[ sql ] [ SQL ] SELECT * FROM `love_options` WHERE  `name` = 'description' LIMIT 1 [ RunTime:0.001325s ]
[ sql ] [ SQL ] SELECT * FROM `love_options` WHERE  `name` = 'title' LIMIT 1 [ RunTime:0.001278s ]
---------------------------------------------------------------
[ 2019-12-17T19:09:08+08:00 ] 47.101.59.132 GET love.sustxyly.top/
[运行时间：0.022937s] [吞吐率：43.60req/s] [内存消耗：413.80kb] [文件加载：53]
[ info ] [ LANG ] /www/wwwroot/love.sustxyly.top/thinkphp/lang/zh-cn.php
[ info ] [ ROUTE ] array (
  'type' => 'module',
  'module' => 
  array (
    0 => '',
    1 => NULL,
    2 => NULL,
  ),
)
[ info ] [ HEADER ] array (
  'accept-encoding' => 'gzip',
  'connection' => 'Keep-Alive',
  'host' => 'love.sustxyly.top',
  'user-agent' => 'Mozilla/5.0 (X11; Ubuntu; Linux x86_64; rv:36.0) Gecko/20100101 Firefox/36.0',
  'content-type' => '',
  'content-length' => '',
)
[ info ] [ PARAM ] array (
)
[ info ] [ RUN ] app\index\controller\Index->index[ /www/wwwroot/love.sustxyly.top/application/index/controller/Index.php ]
[ info ] [ DB ] INIT mysql
[ info ] [ VIEW ] /www/wwwroot/love.sustxyly.top/public/../application/index/view/index/index.html [ array (
  0 => 'data',
  1 => 'indexContent',
  2 => 'page',
) ]
[ info ] [ LOG ] INIT File
[ sql ] [ DB ] CONNECT:[ UseTime:0.002000s ] mysql:host=39.106.190.222;dbname=love_sustxyly_t;charset=utf8
[ sql ] [ SQL ] SHOW COLUMNS FROM `love_options` [ RunTime:0.001864s ]
[ sql ] [ SQL ] SELECT * FROM `love_options` WHERE  `name` = 'icp' LIMIT 1 [ RunTime:0.001310s ]
[ sql ] [ SQL ] SELECT * FROM `love_options` WHERE  `name` = 'cnzz' LIMIT 1 [ RunTime:0.001227s ]
[ sql ] [ SQL ] SELECT * FROM `love_options` WHERE  `name` = 'name' LIMIT 1 [ RunTime:0.001272s ]
[ sql ] [ SQL ] SELECT * FROM `love_options` WHERE  `name` = 'title' LIMIT 1 [ RunTime:0.001222s ]
[ sql ] [ SQL ] SELECT * FROM `love_options` WHERE  `name` = 'keywords' LIMIT 1 [ RunTime:0.001263s ]
[ sql ] [ SQL ] SELECT * FROM `love_options` WHERE  `name` = 'description' LIMIT 1 [ RunTime:0.001247s ]
[ sql ] [ SQL ] SELECT * FROM `love_options` WHERE  `name` = 'title' LIMIT 1 [ RunTime:0.001299s ]
[ sql ] [ SQL ] SHOW COLUMNS FROM `love_website` [ RunTime:0.001627s ]
[ sql ] [ SQL ] SELECT COUNT(*) AS tp_count FROM `love_website` LIMIT 1 [ RunTime:0.001246s ]
[ sql ] [ SQL ] SELECT * FROM `love_website` LIMIT 0,9 [ RunTime:0.001243s ]
---------------------------------------------------------------
[ 2019-12-17T19:09:10+08:00 ] 47.101.59.132 GET love.sustxyly.top/article?id=
[运行时间：0.023633s] [吞吐率：42.31req/s] [内存消耗：409.05kb] [文件加载：50]
[ info ] [ LANG ] /www/wwwroot/love.sustxyly.top/thinkphp/lang/zh-cn.php
[ info ] [ ROUTE ] array (
  'type' => 'module',
  'module' => 
  array (
    0 => 'index',
    1 => 'index',
    2 => 'articlePage',
  ),
  'convert' => false,
)
[ info ] [ HEADER ] array (
  'accept-encoding' => 'gzip',
  'connection' => 'Keep-Alive',
  'host' => 'love.sustxyly.top',
  'user-agent' => 'Mozilla/5.0 (X11; Ubuntu; Linux x86_64; rv:36.0) Gecko/20100101 Firefox/36.0',
  'content-type' => '',
  'content-length' => '',
)
[ info ] [ PARAM ] array (
  'id' => '',
)
[ info ] [ RUN ] app\index\controller\Index->articlePage[ /www/wwwroot/love.sustxyly.top/application/index/controller/Index.php ]
[ info ] [ DB ] INIT mysql
[ info ] [ VIEW ] /www/wwwroot/love.sustxyly.top/public/../application/index/view/index/comment.html [ array (
  0 => 'num',
  1 => 'postdata',
  2 => 'post_id',
  3 => 'data',
) ]
[ info ] [ LOG ] INIT File
[ sql ] [ DB ] CONNECT:[ UseTime:0.001990s ] mysql:host=39.106.190.222;dbname=love_sustxyly_t;charset=utf8
[ sql ] [ SQL ] SHOW COLUMNS FROM `love_comment` [ RunTime:0.001752s ]
[ sql ] [ SQL ] SELECT COUNT(*) AS tp_count FROM `love_comment` WHERE  `post_id` = 0 LIMIT 1 [ RunTime:0.001321s ]
[ sql ] [ SQL ] SHOW COLUMNS FROM `love_options` [ RunTime:0.001640s ]
[ sql ] [ SQL ] SELECT * FROM `love_options` WHERE  `name` = 'icp' LIMIT 1 [ RunTime:0.001345s ]
[ sql ] [ SQL ] SELECT * FROM `love_options` WHERE  `name` = 'cnzz' LIMIT 1 [ RunTime:0.001304s ]
[ sql ] [ SQL ] SELECT * FROM `love_options` WHERE  `name` = 'keywords' LIMIT 1 [ RunTime:0.001302s ]
[ sql ] [ SQL ] SELECT * FROM `love_options` WHERE  `name` = 'name' LIMIT 1 [ RunTime:0.001318s ]
[ sql ] [ SQL ] SELECT * FROM `love_options` WHERE  `name` = 'description' LIMIT 1 [ RunTime:0.001362s ]
[ sql ] [ SQL ] SHOW COLUMNS FROM `love_contents` [ RunTime:0.001666s ]
[ sql ] [ SQL ] SELECT * FROM `love_contents` WHERE  `id` = 0 LIMIT 1 [ RunTime:0.001336s ]
[ sql ] [ SQL ] SELECT * FROM `love_comment` WHERE  `parent_id` = 0  AND `post_id` = 0 ORDER BY `create_time` DESC [ RunTime:0.001375s ]
